[05:09:19] Loaded checkpoint: 265 done, 10 sessions
[05:09:19] Targets: 418 total, 265 done, 412 remaining (session 11)
[05:09:19] This session: 30 searches
[05:09:20] Profile: C:\Users\oscar\AI WORKBENCH\Mekatelyu\profiles\chrome_pv_google
[05:09:20] Chrome launched, connecting via CDP...
[05:09:26] Connected.
[05:09:26] [1/30] Casa Vikingo
[05:09:26]   Searching Maps: Casa Vikingo
[05:09:39]   CID: 10835016054493526642  @9.6571414,-82.7755589  [high]
[05:09:39]   Waiting 33s...
[05:10:12] [2/30] Playa 506
[05:10:12]   Searching Maps: Playa 506
[05:10:50]   CID: 14615341747601449576  @9.6499837,-82.7364414  [high]
[05:10:50]   Waiting 44s...
[05:21:43] Loaded checkpoint: 267 done, 11 sessions
[05:21:43] Targets: 418 total, 267 done, 410 remaining (session 12)
[05:21:43] This session: 30 searches
[05:21:43] Connecting to Chrome on CDP port 9222...
[05:21:44] Connected. Your browsing is unaffected — script uses its own tab.

[05:21:44] [1/30] Beta life eco hostel
[05:21:44]   Searching Maps: Beta life eco hostel
[05:21:56]   Search results page — trying first result
[05:22:03]   CID: 2013342439017599323  @9.638317,-82.7298347  [high]
[05:22:03]   Waiting 36s...
[05:22:39] [2/30] The Lazy Loft Beach Hostel
[05:22:39]   Searching Maps: The Lazy Loft Beach Hostel
[05:22:52]   CID: 319840533881403965  @9.6585197,-82.7521896  [high]
[05:22:52]   Waiting 40s...
[05:23:32] [3/30] Maya Hostel
[05:23:32]   Searching Maps: Maya Hostel
[05:23:38]   CID: 6837993704116975096  @9.6391643,-82.7318956  [high]
[05:23:38]   Waiting 41s...
[05:24:19] [4/30] Selina Puerto Viejo
[05:24:19]   Searching Maps: Selina Puerto Viejo
[05:24:27]   CID: 6252746693553946796  @9.6566085,-82.7433642  [high]
[05:24:27]   Waiting 45s...
[05:25:12] [5/30] One Love Hostel
[05:25:12]   Searching Maps: One Love Hostel
[05:25:19]   CID: 14996707988450888278  @9.6509293,-82.7624551  [high]
[05:25:19]   Waiting 31s...
[05:25:50] [6/30] Cabinas Guarana
[05:25:50]   Searching Maps: Cabinas Guarana
[05:26:01]   CID: 3227485566230734531  @9.6556406,-82.7539091  [high]
[05:26:01]   Waiting 45s...
[05:26:46] [7/30] Selina Hostel Puerto Viejo
[05:26:46]   Searching Maps: Selina Hostel Puerto Viejo
[05:26:52]   CID: 6252746693553946796  @9.6566085,-82.7433642  [high]
[05:26:52]   Waiting 32s...
[05:27:24] [8/30] Backpackers Puerto Viejo
[05:27:24]   Searching Maps: Backpackers Puerto Viejo
[05:27:33]   CID: 1470909826947842376  @9.6575542,-82.751945  [high]
[05:27:33]   Waiting 39s...
[05:28:12] [9/30] The Lion Fish
[05:28:12]   Searching Maps: The Lion Fish
[05:28:24]   CID: 14200265407641844113  @9.6563864,-82.7546679  [high]
[05:28:24]   Waiting 41s...
[05:29:05] [10/30] Hostel Kinkajou
[05:29:05]   Searching Maps: Hostel Kinkajou
[05:29:13]   Search results page — trying first result
[05:29:18]   CID: 8515965990195848246  @9.635589,-82.708668  [high]
[05:29:18]   Waiting 30s...
[05:29:48] [11/30] Hostel Kalunai
[05:29:48]   Searching Maps: Hostel Kalunai
[05:30:01]   CID: 13549549945867962662  @9.6556797,-82.7504952  [high]
[05:30:01]   Waiting 25s...
[05:30:26] [12/30] Hotel La Isla Inn
[05:30:26]   Searching Maps: Hotel La Isla Inn
[05:30:36]   CID: 12610196440035693725  @9.6519515,-82.738931  [high]
[05:30:36]   Waiting 31s...
[05:31:07] [13/30] Cabinas Rio Cocles
[05:31:07]   Searching Maps: Cabinas Rio Cocles
[05:31:13]   Search results page — trying first result
[05:31:18]   CID: 2857032637458926519  @9.6488199,-82.7387466  [high]
[05:31:18]   Waiting 45s...
[05:32:03] [14/30] Backpacker Sunrise
[05:32:03]   Searching Maps: Backpacker Sunrise
[05:32:15]   CID: 8467675278696901692  @9.656388,-82.7546765  [high]
[05:32:15]   Waiting 36s...
[05:32:51] [15/30] Kaya's Place
[05:32:51]   Searching Maps: Kaya's Place
[05:32:58]   CID: 8816532573875491055  @9.6537453,-82.7584704  [high]
[05:32:58]   Waiting 25s...
[05:33:23] [16/30] Jordan's Jacuzzi Suites
[05:33:23]   Searching Maps: Jordan's Jacuzzi Suites
[05:33:29]   Search results page — trying first result
[05:33:34]   CID: 9838950680602433731  @9.63743,-82.7139568  [high]
[05:33:34]   Waiting 40s...
[05:34:14] [17/30] Casa chiquita
[05:34:14]   Searching Maps: Casa chiquita
[05:34:21]   Search results page — trying first result
[05:34:28]   CID: 9838950680602433731  @9.63743,-82.713957  [high]
[05:34:28]   Waiting 27s...
[05:34:55] [18/30] Finca Ardilla
[05:34:55]   Searching Maps: Finca Ardilla
[05:35:03]   CID: 15755761711636582805  @9.6203232,-82.7353536  [high]
[05:35:03]   Waiting 26s...
[05:35:29] [19/30] Aiyana Lodge
[05:35:29]   Searching Maps: Aiyana Lodge
[05:35:36]   CID: 8622728122299619372  @9.6561674,-82.7460148  [high]
[05:35:36]   Waiting 28s...
[05:36:04] [20/30] Hotel Hawa
[05:36:04]   Searching Maps: Hotel Hawa
[05:36:11]   CID: 12922727533389204233  @9.6472025,-82.7818054  [high]
[05:36:11]   Waiting 30s...
[05:36:41] [21/30] Kinawe Cabinas
[05:36:41]   Searching Maps: Kinawe Cabinas
[05:36:49]   CID: 5826733614696332728  @9.652121,-82.7625165  [high]
[05:36:49]   Waiting 36s...
[05:37:25] [22/30] Cabinas WB
[05:37:25]   Searching Maps: Cabinas WB
[05:37:32]   Search results page — trying first result
[05:37:38]   CID: 4837747133838124638  @9.64408,-82.727964  [high]
[05:37:38]   Waiting 25s...
[05:38:03] [23/30] Azania Bungalow
[05:38:03]   Searching Maps: Azania Bungalow
[05:38:15]   CID: 1284571712904930160  @9.6495827,-82.7376656  [high]
[05:38:15]   Waiting 39s...
[05:38:54] [24/30] Azania Bungalows
[05:38:54]   Searching Maps: Azania Bungalows
[05:39:01]   CID: 1284571712904930160  @9.6495827,-82.7376656  [high]
[05:39:01]   Waiting 37s...
[05:39:38] [25/30] Cabinas Guana Art Shop
[05:39:38]   Searching Maps: Cabinas Guana Art Shop
[05:39:45]   Search results page — trying first result
[05:39:51]   CID: 9838950680602433731  @9.63743,-82.7139568  [high]
[05:39:51]   Waiting 27s...
[05:40:18] [26/30] Calalu Cabinas
[05:40:18]   Searching Maps: Calalu Cabinas
[05:40:25]   CID: 1614163454683628928  @9.6579758,-82.7493936  [high]
[05:40:25]   Waiting 32s...
[05:40:57] [27/30] Camarona Caribbean Lodge
[05:40:57]   Searching Maps: Camarona Caribbean Lodge
[05:41:04]   CID: 2856873791389481616  @9.6457414,-82.72892  [high]
[05:41:04]   Waiting 45s...
[05:41:49] [28/30] Casa Planet Harley
[05:41:49]   Searching Maps: Casa Planet Harley
[05:41:55]   CID: 17371848754216848987  @9.6383207,-82.7320168  [high]
[05:41:55]   Waiting 42s...
[05:42:37] [29/30] Cashew Hill Jungle Lodge
[05:42:37]   Searching Maps: Cashew Hill Jungle Lodge
[05:42:48]   CID: 162964865468375715  @9.653687,-82.752995  [high]
[05:42:48]   Waiting 44s...
[05:43:32] [30/30] Chimuri Beach Cottages
[05:43:32]   Searching Maps: Chimuri Beach Cottages
[05:43:44]   CID: 6051193694241034944  @9.6565751,-82.7703502  [high]
[05:43:44] 
--- Session 12 complete ---
[05:43:44] Attempted: 30
[05:43:44] Successful: 30
[05:43:44] With CID:   30
[05:43:44] Session complete. Rest 10 min before next.
[05:43:44] Remaining: 380
[05:43:44] Disconnected from Chrome. Your Chrome window stays open.
[05:43:44] Sleeping 10 min before next session (380 remaining)...
[05:53:44] Loaded checkpoint: 297 done, 12 sessions
[05:53:44] Targets: 418 total, 297 done, 380 remaining (session 13)
[05:53:44] This session: 30 searches
[05:53:44] Connecting to Chrome on CDP port 9222...
[05:53:45] Connected. Your browsing is unaffected — script uses its own tab.

[05:53:45] [1/30] Coco Congo
[05:53:45]   Searching Maps: Coco Congo
[05:53:51]   Search results page — trying first result
[05:53:54]   CID: 9322669409493347402  @9.6275396,-82.6633071  [low]
[05:53:54]   Waiting 31s...
[05:54:25] [2/30] El Tucan Jungle Lodge
[05:54:25]   Searching Maps: El Tucan Jungle Lodge
[05:54:37]   CID: 2539549004979561790  @9.6399049,-82.7348632  [high]
[05:54:37]   Waiting 40s...
[05:55:17] [3/30] Geckoes Lodge
[05:55:17]   Searching Maps: Geckoes Lodge
[05:55:26]   CID: 11623096819320863549  @9.6358975,-82.7345013  [high]
[05:55:26]   Waiting 34s...
[05:56:00] [4/30] Hotel Kasha
[05:56:00]   Searching Maps: Hotel Kasha
[05:56:08]   CID: 2789448993779357106  @9.6385459,-82.714302  [high]
[05:56:08]   Waiting 29s...
[05:56:37] [5/30] Hotel Punta Cocles
[05:56:37]   Searching Maps: Hotel Punta Cocles
[05:56:43]   Search results page — trying first result
[05:56:50] Disconnected from Chrome. Your Chrome window stays open.
[06:09:00] Loaded checkpoint: 302 done, 13 sessions
[06:09:00] Targets: 418 total, 302 done, 373 remaining (session 14)
[06:09:00] This session: 30 searches
[06:09:00] Connecting to Chrome on CDP port 9222...
[06:09:01] Connected. Your browsing is unaffected — script uses its own tab.

[06:09:01] [1/30] Italia Villas
[06:09:01]   Searching Maps: Italia Villas
[06:09:10]   Search results page — trying first result
[06:09:16]   CID: 16016558320812834186  @9.654266,-82.7653176  [high]
[06:09:16]   Waiting 37s...
[06:09:53] [2/30] Jardín Miraflores Lodge
[06:09:53]   Searching Maps: Jardín Miraflores Lodge
[06:10:03]   Search results page — trying first result
[06:10:07]   CID: 9838950680602433731  @9.63743,-82.7139568  [high]
[06:10:07]   Waiting 41s...
[06:10:48] [3/30] Los Continentes
[06:10:48]   Searching Maps: Los Continentes
[06:11:00]   CID: 16195237219481974530  @9.6428166,-82.7265688  [high]
[06:11:00]   Waiting 25s...
[06:11:25] [4/30] Magic Moon
[06:11:25]   Searching Maps: Magic Moon
[06:11:37]   CID: 7455182900583969326  @9.6571663,-82.7712449  [high]
[06:11:37]   Waiting 42s...
[06:12:19] [5/30] Namuwoki Lodge
[06:12:19]   Searching Maps: Namuwoki Lodge
[06:12:26]   CID: 7633661990399056727  @9.6377623,-82.7129906  [high]
[06:12:26]   Waiting 25s...
[06:12:51] [6/30] Physis Caribbean Bed & Breakfast
[06:12:51]   Searching Maps: Physis Caribbean Bed & Breakfast
[06:12:58]   CID: 6927648870562475588  @9.6431469,-82.7326731  [high]
[06:12:58]   Waiting 45s...
[06:13:43] [7/30] Pizote Lodge
[06:13:43]   Searching Maps: Pizote Lodge
[06:13:51]   CID: 349988826957498859  @9.6518946,-82.7602811  [high]
[06:13:51]   Waiting 26s...
[06:14:17] [8/30] Sunrise Backpackers Hostel
[06:14:17]   Searching Maps: Sunrise Backpackers Hostel
[06:14:26]   Search results page — trying first result
[06:14:32]   CID: 9838950680602433731  @9.63743,-82.7139568  [high]
[06:14:32]   Waiting 28s...
[06:15:00] [9/30] Tierra de Suenos Lodge
[06:15:00]   Searching Maps: Tierra de Suenos Lodge
[06:15:07]   CID: 3078819024997403606  @9.6377825,-82.71102  [high]
[06:15:07]   Waiting 34s...
[06:15:41] [10/30] Tree House Lodge
[06:15:41]   Searching Maps: Tree House Lodge
[06:15:52]   CID: 4964431491684239389  @9.6378214,-82.7052879  [low]
[06:15:52]   Waiting 25s...
[06:16:17] [11/30] Vago's Place
[06:16:17]   Searching Maps: Vago's Place
[06:16:28]   CID: 12507819141188724740  @9.6299075,-82.7214034  [high]
[06:16:28]   Waiting 27s...
[06:16:55] [12/30] La Perla del Caribe
[06:16:55]   Searching Maps: La Perla del Caribe
[06:17:05]   CID: 5477765746729269238  @9.6528717,-82.7420879  [high]
[06:17:05]   Waiting 42s...
[06:17:47] [13/30] El Nido
[06:17:47]   Searching Maps: El Nido
[06:17:56]   Search results page — trying first result
[06:18:00]   CID: 15942771352384167456  @9.637077,-82.691963  [low]
[06:18:00]   Waiting 27s...
[06:18:27] [14/30] Blue Butterfly
[06:18:27]   Searching Maps: Blue Butterfly
[06:18:34]   Search results page — trying first result
[06:18:38]   CID: 9838950680602433731  @9.63743,-82.713957  [high]
[06:18:38]   Waiting 41s...
[06:19:19] [15/30] Cabinas Olé Caribe
[06:19:19]   Searching Maps: Cabinas Olé Caribe
[06:19:30]   CID: 13369944886185180649  @9.6410645,-82.72704  [high]
[06:19:30]   Waiting 42s...
[06:20:12] [16/30] Jungle Green House
[06:20:12]   Searching Maps: Jungle Green House
[06:20:22]   CID: 10566257576749882719  @9.6349625,-82.7129844  [high]
[06:20:22]   Waiting 25s...
[06:20:47] [17/30] Casa Merlin Lodge
[06:20:47]   Searching Maps: Casa Merlin Lodge
[06:20:55]   Search results page — trying first result
[06:20:59]   CID: 9838950680602433731  @9.63743,-82.713957  [high]
[06:20:59]   Waiting 31s...
[06:21:30] [18/30] Pipa Lodge
[06:21:30]   Searching Maps: Pipa Lodge
[06:21:40]   CID: 2503861879451247980  @9.6464902,-82.7328201  [high]
[06:21:40]   Waiting 43s...
[06:22:23] [19/30] Jacaranda
[06:22:23]   Searching Maps: Jacaranda
[06:22:30]   CID: 12370139056940041503  @9.6556901,-82.7529296  [high]
[06:22:30]   Waiting 34s...
[06:23:04] [20/30] Casa Cerise
[06:23:04]   Searching Maps: Casa Cerise
[06:23:16]   CID: 12266159891992406171  @9.6400625,-82.7155625  [high]
[06:23:16]   Waiting 37s...
[06:23:53] [21/30] Home Naranjo
[06:23:53]   Searching Maps: Home Naranjo
[06:24:03]   CID: 11804471412549390661  @9.6348876,-82.7277314  [high]
[06:24:03]   Waiting 34s...
[06:24:37] [22/30] Casa Naranjo
[06:24:37]   Searching Maps: Casa Naranjo
[06:24:44]   CID: 11804471412549390661  @9.6348876,-82.7277314  [high]
[06:24:44]   Waiting 26s...
[06:25:10] [23/30] Puerto Viejo Club & Casitas
[06:25:10]   Searching Maps: Puerto Viejo Club & Casitas
[06:25:23]   CID: 10850457859079273798  @9.6547436,-82.773673  [high]
[06:25:23]   Waiting 34s...
[06:25:57] [24/30] Sonora Jungle Beach Retreat
[06:25:57]   Searching Maps: Sonora Jungle Beach Retreat
[06:26:05]   CID: 13462000015508270895  @9.658415,-82.7872133  [high]
[06:26:05]   Waiting 36s...
[06:26:41] [25/30] Villas Lomas del Caribe
[06:26:41]   Searching Maps: Villas Lomas del Caribe
[06:26:47]   CID: 8862541351972983241  @9.6368703,-82.7235613  [high]
[06:26:47]   Waiting 36s...
[06:27:23] [26/30] Jungle Beach Bungalow
[06:27:23]   Searching Maps: Jungle Beach Bungalow
[06:27:32]   Search results page — trying first result
[06:27:39]   CID: 11584809782208466783  @9.637672,-82.709762  [high]
[06:27:39]   Waiting 44s...
[06:28:23] [27/30] Finca Las Hormigas
[06:28:23]   Searching Maps: Finca Las Hormigas
[06:28:31]   CID: 10843005590817162391  @9.6136146,-82.7297125  [high]
[06:28:31]   Waiting 34s...
[06:29:05] [28/30] Hotel Relax Natural Village
[06:29:05]   Searching Maps: Hotel Relax Natural Village
[06:29:14]   CID: 1359064883656104943  @9.6431231,-82.7333322  [high]
[06:29:14]   Waiting 45s...
[06:29:59] [29/30] Hotel Indalo
[06:29:59]   Searching Maps: Hotel Indalo
[06:30:10]   CID: 4424059130614434174  @9.6563529,-82.7505768  [high]
[06:30:10]   Waiting 32s...
[06:30:42] [30/30] Olinca Boutique Hotel
[06:30:42]   Searching Maps: Olinca Boutique Hotel
[06:30:50]   CID: 17724938072232701259  @9.6574261,-82.7501299  [high]
[06:30:50] 
--- Session 14 complete ---
[06:30:50] Attempted: 30
[06:30:50] Successful: 30
[06:30:50] With CID:   30
[06:30:50] Session complete. Rest 10 min before next.
[06:30:50] Remaining: 343
[06:30:50] Disconnected from Chrome. Your Chrome window stays open.
[06:30:50] Sleeping 10 min before next session (341 remaining)...
[06:40:50] Loaded checkpoint: 332 done, 14 sessions
[06:40:51] Targets: 418 total, 332 done, 341 remaining (session 15)
[06:40:51] This session: 30 searches
[06:40:51] Connecting to Chrome on CDP port 9222...
[06:40:51] Connected. Your browsing is unaffected — script uses its own tab.

[06:40:51] [1/30] Hotel Mandacaru
[06:40:51]   Searching Maps: Hotel Mandacaru
[06:41:03]   CID: 11442698979892556145  @9.658835,-82.75047  [high]
[06:41:03]   Waiting 41s...
[06:41:44] [2/30] Lizard King Resort
[06:41:44]   Searching Maps: Lizard King Resort
[06:41:53]   CID: 11779773565011173435  @9.65883,-82.7501912  [high]
[06:41:53]   Waiting 29s...
[06:42:22] [3/30] VIllas Allen
[06:42:22]   Searching Maps: VIllas Allen
[06:42:31]   Search results page — trying first result
[06:42:36]   CID: 9838950680602433731  @9.63743,-82.713957  [high]
[06:42:36]   Waiting 44s...
[06:43:20] [4/30] Hotel Aguas Claras
[06:43:20]   Searching Maps: Hotel Aguas Claras
[06:43:32]   CID: 5319096016576692772  @9.6431509,-82.7203052  [high]
[06:43:32]   Waiting 37s...
[06:44:09] [5/30] Tierra de Sueños Lodge
[06:44:09]   Searching Maps: Tierra de Sueños Lodge
[06:44:18]   CID: 3078819024997403606  @9.6377825,-82.71102  [high]
[06:44:18] Disconnected from Chrome. Your Chrome window stays open.
[07:39:47] Loaded checkpoint: 337 done, 15 sessions
[07:39:47] Targets: 418 total, 337 done, 336 remaining (session 16)
[07:39:47] This session: 100 searches
[07:39:47] Connecting to Chrome on CDP port 9222...
[07:39:50] Connected. Your browsing is unaffected — script uses its own tab.

[07:39:50] [1/100] Cabinas Yucca
[07:39:50]   Searching Maps: Cabinas Yucca
[07:40:00]   CID: 6124202353518117731  @9.6591217,-82.7502481  [high]
[07:40:00]   Waiting 17s...
[07:40:17] [2/100] Cabinas Grant
[07:40:17]   Searching Maps: Cabinas Grant
[07:40:23]   CID: 3227485566230734531  @9.6556406,-82.7539091  [high]
[07:40:23]   Waiting 27s...
[07:40:50] [3/100] Hotel Tamara
[07:40:50]   Searching Maps: Hotel Tamara
[07:40:58]   CID: 13799946382953047138  @9.6573357,-82.7507394  [high]
[07:40:58]   Waiting 23s...
[07:41:21] [4/100] Cabinas Kiré
[07:41:21]   Searching Maps: Cabinas Kiré
[07:41:28]   CID: 5638367704663733882  @9.6585661,-82.7485044  [high]
[07:41:28]   Waiting 16s...
[07:41:44] [5/100] Cabinas Garibaldi
[07:41:44]   Searching Maps: Cabinas Garibaldi
[07:41:50]   CID: 13768557888956155122  @9.6503245,-82.7371739  [high]
[07:41:50]   Waiting 23s...
[07:42:13] [6/100] Sol del Caribe
[07:42:13]   Searching Maps: Sol del Caribe
[07:42:20]   CID: 1216870082731283437  @9.6505806,-82.7373264  [high]
[07:42:20]   Waiting 18s...
[07:42:38] [7/100] Villas del Caribe Beach
[07:42:38]   Searching Maps: Villas del Caribe Beach
[07:42:48]   Search results page — trying first result
[07:42:53]   CID: 9838950680602433731  @9.63743,-82.713957  [high]
[07:42:53]   Waiting 17s...
[07:43:10] [8/100] Caribe Town Resort
[07:43:10]   Searching Maps: Caribe Town Resort
[07:43:16]   CID: 16161533908681591225  @9.6430953,-82.7283823  [high]
[07:43:16]   Waiting 26s...
[07:43:42] [9/100] Hotel Banana Azul
[07:43:42]   Searching Maps: Hotel Banana Azul
[07:43:49]   CID: 3301165288581347626  @9.6579771,-82.7734644  [high]
[07:43:49]   Waiting 19s...
[07:44:08] [10/100] Natural Puerto Viejo
[07:44:08]   Searching Maps: Natural Puerto Viejo
[07:44:18]   Search results page — trying first result
[07:44:25]   CID: 9838950680602433731  @9.63743,-82.713957  [high]
[07:44:25]   Waiting 19s...
[07:44:44] [11/100] Roca Mar Apart Hotel
[07:44:44]   Searching Maps: Roca Mar Apart Hotel
[07:44:52]   CID: 479438737884355101  @9.6558609,-82.7507171  [high]
[07:44:52]   Waiting 25s...
[07:45:17] [12/100] Restaurante Isma
[07:45:17]   Searching Maps: Restaurante Isma
[07:45:24]   CID: 6509661983990922318  @9.656189,-82.754794  [high]
[07:45:24]   Waiting 21s...
[07:45:45] [13/100] Restaurante Miss Sam
[07:45:45]   Searching Maps: Restaurante Miss Sam
[07:45:51]   Search results page — trying first result
[07:45:56]   CID: 14694905203950463872  @9.6569796,-82.7518768  [high]
[07:45:56]   Waiting 27s...
[07:46:23] [14/100] Restaurante El Dorado
[07:46:23]   Searching Maps: Restaurante El Dorado
[07:46:30]   CID: 18250858695453262648  @9.6543454,-82.7664186  [high]
[07:46:30]   Waiting 21s...
[07:46:51] [15/100] GLOW
[07:46:51]   Searching Maps: GLOW
[07:47:00]   Search results page — trying first result
[07:47:07]   CID: 3001941240788997532  @9.3742842,-83.705049  [low]
[07:47:07]   Waiting 25s...
[07:47:32] [16/100] Pollo Rapido
[07:47:32]   Searching Maps: Pollo Rapido
[07:47:41]   Search results page — trying first result
[07:47:45]   CID: 10594753255440897471  @10.4555941,-84.0085627  [low]
[07:47:45]   Waiting 18s...
[07:48:03] [17/100] Stanford Lazy Mon
[07:48:03]   Searching Maps: Stanford Lazy Mon
[07:48:09]   Search results page — trying first result
[07:48:15]   CID: 17125108004029582358  @9.6566095,-82.7534103  [high]
[07:48:15]   Waiting 25s...
[07:48:40] [18/100] El Paso
[07:48:40]   Searching Maps: El Paso
[07:48:47]   Search results page — trying first result
[07:48:54]   CID: 15637067062833942921  @10.5268132,-84.0208754  [low]
[07:48:54]   Waiting 23s...
[07:49:17] [19/100] Tasty Waves Cantina
[07:49:17]   Searching Maps: Tasty Waves Cantina
[07:49:27]   CID: 10844386752467925201  @9.6534538,-82.7407738  [high]
[07:49:27]   Waiting 24s...
[07:49:51] [20/100] Alice
[07:49:51]   Searching Maps: Alice
[07:50:01]   CID: 10691117771514863851  @9.6380563,-82.7117462  [high]
[07:50:01]   Waiting 15s...
[07:50:16] [21/100] BriBri Springs Brewery
[07:50:16]   Searching Maps: BriBri Springs Brewery
[07:50:25]   Search results page — trying first result
[07:50:30]   CID: 8816532573875491055  @9.6537453,-82.7584704  [high]
[07:50:30]   Waiting 18s...
[07:50:48] [22/100] Tiaré
[07:50:48]   Searching Maps: Tiaré
[07:50:59]   CID: 8396076794325668787  @9.6589861,-82.7487828  [high]
[07:50:59]   Waiting 27s...
[07:51:26] [23/100] Lecheria Las Lapas
[07:51:26]   Searching Maps: Lecheria Las Lapas
[07:51:37]   Search results page — trying first result
[07:51:41]   CID: 16229735479654607911  @10.124384,-83.6132534  [low]
[07:51:41]   Waiting 21s...
[07:52:02] [24/100] Soda Caribbean
[07:52:02]   Searching Maps: Soda Caribbean
[07:52:13]   Search results page — trying first result
[07:52:17]   CID: 10886312094332483572  @9.6559167,-82.7522785  [high]
[07:52:17]   Waiting 15s...
[07:52:32] [25/100] Solo Bueno
[07:52:32]   Searching Maps: Solo Bueno
[07:52:44]   CID: 241301080670714226  @9.6465454,-82.7828012  [high]
[07:52:44]   Waiting 15s...
[07:52:59] [26/100] Tamara Caribbean Restaurant
[07:52:59]   Searching Maps: Tamara Caribbean Restaurant
[07:53:10]   CID: 4015454567044906676  @9.6572692,-82.7538391  [high]
[07:53:10]   Waiting 22s...
[07:53:32] [27/100] Panadería y Cafetería
[07:53:32]   Searching Maps: Panadería y Cafetería
[07:53:39]   Search results page — trying first result
[07:53:44]   CID: 9034432070677152199  @9.6588471,-82.7501144  [high]
[07:53:44]   Waiting 21s...
[07:54:05] [28/100] El Rincon Porteño
[07:54:05]   Searching Maps: El Rincon Porteño
[07:54:14]   CID: 12004515342485209052  @9.6430731,-82.723357  [high]
[07:54:14]   Waiting 19s...
[07:54:33] [29/100] Ocho nani
[07:54:33]   Searching Maps: Ocho nani
[07:54:45]   CID: 16388259169975674586  @9.6575957,-82.7552488  [high]
[07:54:45]   Waiting 15s...
[07:55:00] [30/100] Playa negra brewing
[07:55:00]   Searching Maps: Playa negra brewing
[07:55:09]   CID: 8816532573875491055  @9.6537453,-82.7584704  [high]
[07:55:09]   Waiting 19s...
[07:55:28] [31/100] La NENA
[07:55:28]   Searching Maps: La NENA
[07:55:34]   CID: 9689238987282057380  @9.6446163,-82.7299943  [high]
[07:55:34]   Waiting 27s...
[07:56:01] [32/100] Zaika Indian Cuisine Bar & Grill
[07:56:01]   Searching Maps: Zaika Indian Cuisine Bar & Grill
[07:56:13]   Search results page — trying first result
[07:56:19]   CID: 16005746462343550264  @9.1714468,-83.7390634  [low]
[07:56:19]   Waiting 16s...
[07:56:35] [33/100] GypSea Café
[07:56:35]   Searching Maps: GypSea Café
[07:56:42]   CID: 3898303194050413799  @9.6376105,-82.7088157  [high]
[07:56:42]   Waiting 19s...
[07:57:01] [34/100] Soda Elisabeth
[07:57:01]   Searching Maps: Soda Elisabeth
[07:57:07]   CID: 5400166197953269901  @9.6568206,-82.7530726  [high]
[07:57:07]   Waiting 16s...
[07:57:23] [35/100] Reggae Chill
[07:57:23]   Searching Maps: Reggae Chill
[07:57:29]   CID: 15379756172704945472  @9.652687,-82.7398214  [high]
[07:57:29]   Waiting 27s...
[07:57:56] [36/100] Soda Monarca
[07:57:56]   Searching Maps: Soda Monarca
[07:58:06]   CID: 9506089339025285397  @9.6442729,-82.7310521  [high]
[07:58:06]   Waiting 25s...
[07:58:31] [37/100] Apetito Express
[07:58:31]   Searching Maps: Apetito Express
[07:58:37]   Search results page — trying first result
[07:58:42]   CID: 15140946777442800643  @9.6489408,-82.7911629  [high]
[07:58:42]   Waiting 18s...
[07:59:00] [38/100] Soda Fiquiimu
[07:59:00]   Searching Maps: Soda Fiquiimu
[07:59:10]   Search results page — trying first result
[07:59:17] SESSION ERROR: [Errno 22] Invalid argument
[07:59:17] Traceback (most recent call last):
  File "C:\Users\oscar\AI WORKBENCH\Mekatelyu\stealth_auth_search.py", line 264, in main
    log(f"  CID: {result['cid']}  @{result['latitude']},{result['longitude']}  [{result['confidence']}]")
    ~~~^^^^^^^^^^^^^^^^^^^^^^^^^^^^^^^^^^^^^^^^^^^^^^^^^^^^^^^^^^^^^^^^^^^^^^^^^^^^^^^^^^^^^^^^^^^^^^^^^^
  File "C:\Users\oscar\AI WORKBENCH\Mekatelyu\stealth_auth_search.py", line 36, in log
    print(line)
    ~~~~~^^^^^^
OSError: [Errno 22] Invalid argument

[07:59:18] Disconnected from Chrome. Your Chrome window stays open.
[07:59:18] Sleeping 2 min before next session (298 remaining)...
[08:01:18] Loaded checkpoint: 375 done, 16 sessions
[08:01:18] Targets: 418 total, 375 done, 298 remaining (session 17)
[08:01:18] This session: 100 searches
[08:01:18] Connecting to Chrome on CDP port 9222...
[08:01:18] Connected. Your browsing is unaffected — script uses its own tab.

[08:01:18] [1/100] Isla Cocteles
[08:01:18]   Searching Maps: Isla Cocteles
[08:01:30]   Search results page — trying first result
[08:01:34]   CID: 3611021609772830449  @9.6577748,-82.7553186  [high]
[08:01:34]   Waiting 23s...
[08:01:57] [2/100] Frio Divino
[08:01:57]   Searching Maps: Frio Divino
[08:02:02]   CID: 15750320370550191548  @9.6588223,-82.7503057  [high]
[08:02:02]   Waiting 29s...
[08:02:31] [3/100] Puerto Viejo de Talamanca
[08:02:31]   Searching Maps: Puerto Viejo de Talamanca
[08:02:38]   CID: 6047083801083296069  @9.6540146,-82.7549412  [high]
[08:02:38]   Waiting 21s...
[08:02:59] [4/100] Princesa del Mar
[08:02:59]   Searching Maps: Princesa del Mar
[08:03:05]   CID: 4096974609859894627  @9.6575296,-82.7535302  [high]
[08:03:05]   Waiting 28s...
[08:03:33] [5/100] La Misión
[08:03:33]   Searching Maps: La Misión
[08:03:44]   Search results page — trying first result
[08:03:48]   CID: 1992524522108535061  @9.6587072,-82.7491283  [high]
[08:03:48]   Waiting 21s...
[08:04:09] [6/100] Koi Dorado
[08:04:09]   Searching Maps: Koi Dorado
[08:04:16]   CID: 18250858695453262648  @9.6543454,-82.7664186  [high]
[08:04:16]   Waiting 27s...
[08:04:43] [7/100] Kayas Place - Dulce's Restaurant
[08:04:43]   Searching Maps: Kayas Place - Dulce's Restaurant
[08:04:50]   Search results page — trying first result
[08:04:55]   CID: 17217796188356524660  @9.6560038,-82.7521721  [high]
[08:04:55]   Waiting 18s...
[08:05:13] [8/100] Bikini Bar Restaurant & Hostel
[08:05:13]   Searching Maps: Bikini Bar Restaurant & Hostel
[08:05:23]   Search results page — trying first result
[08:05:28]   CID: 94575443808973745  @9.6576264,-82.752566  [high]
[08:05:28]   Waiting 21s...
[08:05:49] [9/100] Soda Riquísimo
[08:05:49]   Searching Maps: Soda Riquísimo
[08:05:59]   CID: 9970954456776975626  @9.6573868,-82.7539091  [high]
[08:05:59]   Waiting 17s...
[08:06:16] [10/100] Sel & Sucre
[08:06:16]   Searching Maps: Sel & Sucre
[08:06:26]   Search results page — trying first result
[08:06:30]   CID: 6352442712159362009  @22.0368209,-100.8886102  [low]
[08:06:30]   Waiting 29s...
[08:06:59] [11/100] Outback-Jack's
[08:06:59]   Searching Maps: Outback-Jack's
[08:07:07]   CID: 13996016475580187035  @9.6563908,-82.7556145  [high]
[08:07:07]   Waiting 15s...
[08:07:22] [12/100] Pizzeria Boruca
[08:07:22]   Searching Maps: Pizzeria Boruca
[08:07:33]   Search results page — trying first result
[08:07:38]   CID: 6285696364079021471  @9.6573817,-82.7537096  [high]
[08:07:38]   Waiting 22s...
[08:08:00] [13/100] Black & White
[08:08:00]   Searching Maps: Black & White
[08:08:06]   Search results page — trying first result
[08:08:13]   CID: 17535651189185249175  @9.3364627,-83.6710398  [low]
[08:08:13]   Waiting 29s...
[08:08:42] [14/100] Marisquería Puerto Viejo
[08:08:42]   Searching Maps: Marisquería Puerto Viejo
[08:08:51]   CID: 18255230100152388191  @9.6583059,-82.7520688  [high]
[08:08:51]   Waiting 23s...
[08:09:14] [15/100] Honua Poke
[08:09:14]   Searching Maps: Honua Poke
[08:09:26]   CID: 5112864725428999031  @9.6583458,-82.7518406  [high]
[08:09:26]   Waiting 23s...
[08:09:49] [16/100] Caribeans
[08:09:49]   Searching Maps: Caribeans
[08:09:56]   CID: 8711730419987475064  @9.653668,-82.7410411  [high]
[08:09:56]   Waiting 26s...
[08:10:22] [17/100] Restaurant Bamboocha
[08:10:22]   Searching Maps: Restaurant Bamboocha
[08:10:30]   Search results page — trying first result
[08:10:34]   CID: 9075932476478186733  @10.4555195,-84.0086089  [low]
[08:10:34]   Waiting 27s...
[08:11:01] [18/100] Le Numu
[08:11:01]   Searching Maps: Le Numu
[08:11:08]   CID: 11394236511693184384  @9.6531458,-82.7542254  [high]
[08:11:08]   Waiting 21s...
[08:11:29] [19/100] El Ranchón
[08:11:29]   Searching Maps: El Ranchón
[08:11:41]   Search results page — trying first result
[08:11:47]   CID: 14110719586259786874  @9.6497903,-82.8017025  [low]
[08:11:47]   Waiting 17s...
[08:12:04] [20/100] Jammin Vegan Restaurant
[08:12:04]   Searching Maps: Jammin Vegan Restaurant
[08:12:15]   CID: 18129849508146948876  @9.6589756,-82.7493767  [high]
[08:12:15]   Waiting 19s...
[08:12:34] [21/100] Playa Chiquita Paradise
[08:12:34]   Searching Maps: Playa Chiquita Paradise
[08:12:43]   Search results page — trying first result
[08:12:48]   CID: 9838950680602433731  @9.63743,-82.713957  [high]
[08:12:48]   Waiting 27s...
[08:13:15] [22/100] DIWO
[08:13:15]   Searching Maps: DIWO
[08:13:26]   CID: 5114266921704520486  @9.6480625,-82.7848281  [high]
[08:13:26]   Waiting 23s...
[08:13:49] [23/100] Pura Gula
[08:13:49]   Searching Maps: Pura Gula
[08:13:54]   CID: 4550404849389797392  @9.6382754,-82.7124203  [high]
[08:13:54]   Waiting 16s...
[08:14:10] [24/100] exchange
[08:14:10]   Searching Maps: exchange
[08:14:18]   Search results page — trying first result
[08:14:25]   CID: 7126176406211179698  @9.6572915,-82.7546641  [high]
[08:14:25]   Waiting 28s...
[08:14:53] [25/100] MaNú
[08:14:53]   Searching Maps: MaNú
[08:15:04]   Search results page — trying first result
[08:15:08]   CID: 11095403346710395194  @9.6428311,-82.7291903  [high]
[08:15:08]   Waiting 19s...
[08:15:27] [26/100] Shawandha Lodge
[08:15:27]   Searching Maps: Shawandha Lodge
[08:15:40]   CID: 11584809782208466783  @9.6376716,-82.7097617  [high]
[08:15:40]   Waiting 28s...
[08:16:08] [27/100] Escuela Këköldi
[08:16:08]   Searching Maps: Escuela Këköldi
[08:16:14]   CID: 17352409197230602753  @9.6170132,-82.7700212  [high]
[08:16:14]   Waiting 18s...
[08:16:32] [28/100] policía
[08:16:32]   Searching Maps: policía
[08:16:45]   Search results page — trying first result
[08:16:51]   CID: 16375671444582208351  @9.6545344,-82.7665758  [high]
[08:16:51]   Waiting 27s...
[08:17:18] [29/100] Farmacia Don Manuel
[08:17:18]   Searching Maps: Farmacia Don Manuel
[08:17:25]   CID: 12970981212914959547  @9.6523129,-82.7981521  [low]
[08:17:25]   Waiting 29s...
[08:17:54] [30/100] Ecobikes del Caribe
[08:17:54]   Searching Maps: Ecobikes del Caribe
[08:18:01]   CID: 2050895210739368426  @9.658801,-82.750413  [high]
[08:18:01]   Waiting 29s...
[08:18:30] [31/100] Correos de Costa Rica
[08:18:30]   Searching Maps: Correos de Costa Rica
[08:18:36]   Search results page — trying first result
[08:18:42]   CID: 15619291854434631434  @9.6542477,-82.7665603  [high]
[08:18:42]   Waiting 21s...
[08:19:03] [32/100] Clínica CCSS Dra. Rosa León Chang
[08:19:03]   Searching Maps: Clínica CCSS Dra. Rosa León Chang
[08:19:10]   CID: 8437643615710257437  @9.6530182,-82.7985715  [low]
[08:19:10]   Waiting 15s...
[08:19:25] [33/100] Escuela Hone Creek
[08:19:25]   Searching Maps: Escuela Hone Creek
[08:19:36]   CID: 15919102379822575632  @9.6527766,-82.7989983  [low]
[08:19:36]   Waiting 20s...
[08:19:56] [34/100] Liceo Rural de Puerto Viejo
[08:19:56]   Searching Maps: Liceo Rural de Puerto Viejo
[08:20:06]   [Errno 22] Invalid argument
[08:20:06]   Waiting 21s...
[08:20:27] [35/100] Escuela Puerto Viejo
[08:20:27]   Searching Maps: Escuela Puerto Viejo
[08:20:38]   CID: 2136986547534809344  @10.4550775,-84.0075708  [low]
[08:20:38]   Waiting 28s...
[08:21:06] [36/100] BCR
[08:21:06]   Searching Maps: BCR
[08:21:18]   Search results page — trying first result
[08:21:23]   CID: 6083793639075237056  @9.6554271,-82.7554744  [high]
[08:21:23]   Waiting 16s...
[08:21:39] [37/100] San Gabriel
[08:21:39]   Searching Maps: San Gabriel
[08:21:45]   CID: 13864196564288057579  @9.655235,-82.7537536  [high]
[08:21:45]   Waiting 27s...
[08:22:12] [38/100] Ciclo la Plaza
[08:22:12]   Searching Maps: Ciclo la Plaza
[08:22:23]   CID: 3564604074226818176  @9.6551068,-82.7545538  [high]
[08:22:23]   Waiting 17s...
[08:22:40] [39/100] Gallo Bikes & Motos
[08:22:40]   Searching Maps: Gallo Bikes & Motos
[08:22:51]   CID: 5562521678362667611  @9.654258,-82.7554631  [high]
[08:22:51]   Waiting 21s...
[08:23:12] [40/100] Escuela Río Negro
[08:23:12]   Searching Maps: Escuela Río Negro
[08:23:24]   CID: 12768915438278267000  @10.4412623,-83.9601597  [low]
[08:23:24]   Waiting 29s...
[08:23:53] [41/100] Escuela Patiño
[08:23:53]   Searching Maps: Escuela Patiño
[08:24:01]   Search results page — trying first result
[08:24:08]   CID: 14849784949452434192  @9.6471373,-82.8010532  [low]
[08:24:08]   Waiting 16s...
[08:24:24] [42/100] P
[08:24:24]   Searching Maps: P
[08:24:34]   CID: 12912613365150920442  @38.3427177,-0.4795791  [low]
[08:24:34]   Waiting 30s...
[08:25:04] [43/100] Policía Turística de Puerto Viejo
[08:25:04]   Searching Maps: Policía Turística de Puerto Viejo
[08:25:12]   CID: 16375671444582208351  @9.6545344,-82.7665758  [high]
[08:25:12]   Waiting 22s...
[08:25:34] [44/100] shopping
[08:25:34]   Searching Maps: shopping
[08:25:41]   Search results page — trying first result
[08:25:49]   CID: 11540051154473046732  @9.6572647,-82.7547881  [high]
[08:25:49]   Waiting 25s...
[08:26:14] [45/100] Ferretería San Franciaco
[08:26:14]   Searching Maps: Ferretería San Franciaco
[08:26:23]   CID: 9340938745226350575  @9.6532293,-82.7685066  [high]
[08:26:23]   Waiting 16s...
[08:26:39] [46/100] Saturday feria
[08:26:39]   Searching Maps: Saturday feria
[08:26:48]   Search results page — trying first result
[08:26:54]   CID: 3462379184645189350  @9.6569482,-82.7543463  [high]
[08:26:54]   Waiting 15s...
[08:27:09] [47/100] Coco's Tienda
[08:27:09]   Searching Maps: Coco's Tienda
[08:27:19]   Search results page — trying first result
[08:27:24]   CID: 8306734346501547954  @9.6141968,-82.8103915  [low]
[08:27:24]   Waiting 23s...
[08:27:47] [48/100] Ivonitos Place
[08:27:47]   Searching Maps: Ivonitos Place
[08:27:57]   Search results page — trying first result
[08:28:04]   CID: 3484755376915308939  @9.6579103,-82.755104  [high]
[08:28:04]   Waiting 28s...
[08:28:32] [49/100] Planeta Verde
[08:28:32]   Searching Maps: Planeta Verde
[08:28:42]   Search results page — trying first result
[08:28:46]   CID: 4688760639939900664  @9.635822,-82.739492  [high]
[08:28:46]   Waiting 24s...
[08:29:10] [50/100] ciclo puerto
[08:29:10]   Searching Maps: ciclo puerto
[08:29:17]   Search results page — trying first result
[08:29:24]   CID: 11098354204826643418  @9.6558971,-82.7548218  [high]
[08:29:24]   Waiting 16s...
[08:29:40] [51/100] M'Shell
[08:29:40]   Searching Maps: M'Shell
[08:29:51]   Search results page — trying first result
[08:29:57]   CID: 6047083801083296069  @9.6529399,-82.7736678  [high]
[08:29:57]   Waiting 18s...
[08:30:15] [52/100] La Negrita
[08:30:15]   Searching Maps: La Negrita
[08:30:23]   Search results page — trying first result
[08:30:28]   CID: 8833908798236484580  @9.6531044,-82.7625697  [high]
[08:30:28]   Waiting 18s...
[08:30:46] [53/100] Casa del Chocolate
[08:30:46]   Searching Maps: Casa del Chocolate
[08:30:53]   Search results page — trying first result
[08:30:59]   CID: 1242408439996904931  @9.6561041,-82.7558827  [high]
[08:30:59]   Waiting 29s...
[08:31:28] [54/100] Paula's and Daniel's Juice Bar
[08:31:28]   Searching Maps: Paula's and Daniel's Juice Bar
[08:31:36]   Search results page — trying first result
[08:31:42]   CID: 5087368109469436  @9.6566807,-82.7560456  [high]
[08:31:42]   Waiting 26s...
[08:32:08] [55/100] Súper Negro
[08:32:08]   Searching Maps: Súper Negro
[08:32:17]   CID: 17530375863814220827  @9.656133,-82.798142  [low]
[08:32:17]   Waiting 16s...
[08:32:33] [56/100] Choco
[08:32:33]   Searching Maps: Choco
[08:32:44]   CID: 5218871570440353314  @9.6572154,-82.753514  [high]
[08:32:44]   Waiting 26s...
[08:33:10] [57/100] El Rincón del Pan
[08:33:10]   Searching Maps: El Rincón del Pan
[08:33:22]   CID: 1569445318757953644  @9.6578443,-82.7549303  [high]
[08:33:22]   Waiting 29s...
[08:33:51] [58/100] Súper Cocles
[08:33:51]   Searching Maps: Súper Cocles
[08:34:04]   CID: 6712847186866435431  @9.6448855,-82.734158  [high]
[08:34:04]   Waiting 19s...
[08:34:23] [59/100] Panaderia Tradicional
[08:34:23]   Searching Maps: Panaderia Tradicional
[08:34:35]   Search results page — trying first result
[08:34:42]   CID: 9034432070677152199  @9.6588471,-82.7501144  [high]
[08:34:42]   Waiting 23s...
[08:35:05] [60/100] Super Pirikiki.
[08:35:05]   Searching Maps: Super Pirikiki.
[08:35:11]   CID: 9964650620427929994  @9.6444826,-82.7333566  [high]
[08:35:11]   Waiting 18s...
[08:35:29] [61/100] Puerto Viejo Bike Rentals
[08:35:29]   Searching Maps: Puerto Viejo Bike Rentals
[08:35:39]   Search results page — trying first result
[08:35:45]   CID: 8630472141589888435  @9.6569742,-82.7555526  [high]
[08:35:45]   Waiting 21s...
[08:36:06] [62/100] Soul Zen Massage
[08:36:06]   Searching Maps: Soul Zen Massage
[08:36:14]   CID: 2286524694144645324  @9.6570634,-82.7511277  [high]
[08:36:14]   Waiting 27s...
[08:36:41] [63/100] ciclo cocles
[08:36:41]   Searching Maps: ciclo cocles
[08:36:53]   Search results page — trying first result
[08:36:58]   CID: 16276650810381022254  @9.6550969,-82.7670904  [high]
[08:36:58]   Waiting 23s...
[08:37:21] [64/100] Bustickets Mepe
[08:37:21]   Searching Maps: Bustickets Mepe
[08:37:28]   Search results page — trying first result
[08:37:33]   CID: 7826458106781310635  @9.6567067,-82.7560472  [high]
[08:37:33]   Waiting 22s...
[08:37:55] [65/100] Best Travel Puerto Viejo
[08:37:55]   Searching Maps: Best Travel Puerto Viejo
[08:38:03]   CID: 15210314141344220556  @9.6565199,-82.7541585  [high]
[08:38:03]   Waiting 25s...
[08:38:28] [66/100] Tienda Caribe
[08:38:28]   Searching Maps: Tienda Caribe
[08:38:39]   Search results page — trying first result
[08:38:46]   CID: 11658160512809789635  @9.6564508,-82.75414  [high]
[08:38:46]   Waiting 21s...
[08:39:07] [67/100] Rios Vegan Food
[08:39:07]   Searching Maps: Rios Vegan Food
[08:39:17]   CID: 13046260313729957966  @9.6565517,-82.7545211  [high]
[08:39:17]   Waiting 17s...
[08:39:34] [68/100] Explorades Outdoors
[08:39:34]   Searching Maps: Explorades Outdoors
[08:39:40]   CID: 16305114679791493305  @9.6589211,-82.7506381  [high]
[08:39:40]   Waiting 21s...
[08:40:01] [69/100] Casa Mandala
[08:40:01]   Searching Maps: Casa Mandala
[08:40:11]   CID: 8021121814343586580  @9.6379927,-82.7113589  [high]
[08:40:11]   Waiting 20s...
[08:40:31] [70/100] Panaiera
[08:40:31]   Searching Maps: Panaiera
[08:40:41]   Search results page — trying first result
[08:40:48]   CID: 9034432070677152199  @9.6588471,-82.7501144  [high]
[08:40:48]   Waiting 21s...
[08:41:09] [71/100] Value Market
[08:41:09]   Searching Maps: Value Market
[08:41:17]   CID: 722254835360302817  @9.6568002,-82.7544913  [high]
[08:41:17]   Waiting 23s...
[08:41:40] [72/100] Talamanca Adventures
[08:41:40]   Searching Maps: Talamanca Adventures
[08:41:52]   CID: 8549506539107251531  @9.6563194,-82.7549557  [high]
[08:41:52]   Waiting 25s...
[08:42:17] [73/100] Salsa Brava
[08:42:17]   Searching Maps: Salsa Brava
[08:42:25]   CID: 15009365918254941244  @9.6589172,-82.7511155  [high]
[08:42:25] SESSION ERROR: [Errno 22] Invalid argument
[08:42:25] Traceback (most recent call last):
  File "C:\Users\oscar\AI WORKBENCH\Mekatelyu\stealth_auth_search.py", line 276, in main
    log(f"  Waiting {delay}s...")
    ~~~^^^^^^^^^^^^^^^^^^^^^^^^^^
  File "C:\Users\oscar\AI WORKBENCH\Mekatelyu\stealth_auth_search.py", line 36, in log
    print(line)
    ~~~~~^^^^^^
OSError: [Errno 22] Invalid argument

[08:42:25] Disconnected from Chrome. Your Chrome window stays open.
[08:42:25] Sleeping 2 min before next session (225 remaining)...
[08:44:09] Loaded checkpoint: 448 done, 17 sessions
[08:44:09] Targets: 418 total, 448 done, 225 remaining (session 18)
[08:44:09] This session: 225 searches
[08:44:09] Connecting to Chrome on CDP port 9222...
[08:44:10] Connected. Your browsing is unaffected — script uses its own tab.

[08:44:10] [1/225] Multicentro Puerto Viejo
[08:44:10]   Searching Maps: Multicentro Puerto Viejo
[08:44:21]   CID: 11540051154473046732  @9.6572647,-82.7547881  [high]
[08:44:21]   Waiting 21s...
[08:44:42] [2/225] Dragon Fly
[08:44:42]   Searching Maps: Dragon Fly
[08:44:50]   Search results page — trying first result
[08:44:57]   CID: 4688760639939900664  @9.635822,-82.739492  [high]
[08:44:57]   Waiting 24s...
[08:45:21] [3/225] Terraventuras
[08:45:21]   Searching Maps: Terraventuras
[08:45:29]   CID: 13473134751156487515  @9.655872,-82.7550797  [high]
[08:45:29]   Waiting 17s...
[08:45:46] [4/225] Black Beach
[08:45:46]   Searching Maps: Black Beach
[08:45:52]   Search results page — trying first result
[08:45:59]   CID: 4424980251637626945  @9.6582149,-82.7520331  [high]
[08:45:59]   Waiting 15s...
[08:46:14] [5/225] Lulu Berlu Art Gallery
[08:46:14]   Searching Maps: Lulu Berlu Art Gallery
[08:46:20]   CID: 13633962424320365504  @9.65576,-82.754041  [high]
[08:46:20]   Waiting 19s...
[08:46:39] [6/225] Palí
[08:46:39]   Searching Maps: Palí
[08:46:50]   Search results page — trying first result
[08:46:54]   CID: 16057147527426616372  @9.6557198,-82.7979166  [high]
[08:46:54]   Waiting 22s...
[08:47:16] [7/225] El Colono
[08:47:16]   Searching Maps: El Colono
[08:47:22]   Search results page — trying first result
[08:47:28]   CID: 16829552897593145903  @9.6541395,-82.7966908  [high]
[08:47:28]   Waiting 25s...
[08:47:53] [8/225] Not Couture
[08:47:53]   Searching Maps: Not Couture
[08:47:59]   Search results page — trying first result
[08:48:04]   CID: 7346571536131451543  @9.6563103,-82.7555593  [high]
[08:48:04]   Waiting 16s...
[08:48:20] [9/225] Bazar Priscila
[08:48:20]   Searching Maps: Bazar Priscila
[08:48:32]   CID: 9212424642931170207  @9.3730954,-83.7025011  [low]
[08:48:32]   Waiting 17s...
[08:48:49] [10/225] Ciclo Deportivo
[08:48:49]   Searching Maps: Ciclo Deportivo
[08:48:56]   CID: 9105218684290631078  @9.6576306,-82.7516677  [high]
[08:48:56]   Waiting 25s...
[08:49:21] [11/225] Lavanderia el Sol
[08:49:21]   Searching Maps: Lavanderia el Sol
[08:49:27]   Search results page — trying first result
[08:49:31]   CID: 483134450429649332  @9.6557779,-82.7531541  [high]
[08:49:31]   Waiting 16s...
[08:49:47] [12/225] Lungo Mare Souvenir
[08:49:47]   Searching Maps: Lungo Mare Souvenir
[08:49:58]   Search results page — trying first result
[08:50:05]   CID: 6465038343017776200  @9.6573174,-82.7537865  [high]
[08:50:05]   Waiting 17s...
[08:50:22] [13/225] Super Bryany
[08:50:22]   Searching Maps: Super Bryany
[08:50:29]   Search results page — trying first result
[08:50:34]   CID: 17944942059124723912  @9.6577171,-82.7736665  [high]
[08:50:34]   Waiting 25s...
[08:50:59] [14/225] Super Villa Del Caribe
[08:50:59]   Searching Maps: Super Villa Del Caribe
[08:51:09]   Search results page — trying first result
[08:51:16]   CID: 4688760639939900664  @9.635822,-82.739492  [high]
[08:51:16]   Waiting 20s...
[08:51:36] [15/225] Servicentro Zúñiga
[08:51:36]   Searching Maps: Servicentro Zúñiga
[08:51:42]   Search results page — trying first result
[08:51:47]   CID: 11066332816174075549  @10.4489892,-84.0123791  [low]
[08:51:47]   Waiting 23s...
[08:52:10] [16/225] El Duende Super Gourmet
[08:52:10]   Searching Maps: El Duende Super Gourmet
[08:52:21]   CID: 12358093494451922122  @9.6386427,-82.7127062  [high]
[08:52:21]   Waiting 21s...
[08:52:42] [17/225] Taller Gabriel
[08:52:42]   Searching Maps: Taller Gabriel
[08:52:52]   Search results page — trying first result
[08:52:55]   CID: 13864196564288057579  @9.655235,-82.7537536  [high]
[08:52:55]   Waiting 25s...
[08:53:20] [18/225] Súper Hone Creek
[08:53:20]   Searching Maps: Súper Hone Creek
[08:53:31]   Search results page — trying first result
[08:53:38]   CID: 17530375863814220827  @9.656133,-82.798142  [low]
[08:53:38]   Waiting 15s...
[08:53:53] [19/225] Súper sk
[08:53:53]   Searching Maps: Súper sk
[08:54:00]   CID: 4633778847403409813  @9.6544528,-82.7662183  [high]
[08:54:00]   Waiting 17s...
[08:54:17] [20/225] nature park - Vivero
[08:54:17]   Searching Maps: nature park - Vivero
[08:54:29]   Search results page — trying first result
[08:54:36]   CID: 7988553566658649371  @9.6488076,-82.7769818  [high]
[08:54:36]   Waiting 25s...
[08:55:01] [21/225] Mirador Piedra Cocles
[08:55:01]   Searching Maps: Mirador Piedra Cocles
[08:55:12]   Search results page — trying first result
[08:55:19]   CID: 9318634313163771818  @9.4523797,-83.6315976  [low]
[08:55:19]   Waiting 18s...
[08:55:37] [22/225] Increíble vista detrás
[08:55:37]   Searching Maps: Increíble vista detrás
[08:55:49]   Search results page — trying first result
[08:55:53]   CID: 9838950680602433731  @9.63743,-82.713957  [high]
[08:55:53]   Waiting 25s...
[08:56:18] [23/225] Playa Cocles
[08:56:18]   Searching Maps: Playa Cocles
[08:56:25]   CID: 2801042536018135472  @9.6476617,-82.732354  [high]
[08:56:25]   Waiting 15s...
[08:56:40] [24/225] Tourist Information
[08:56:40]   Searching Maps: Tourist Information
[08:56:48]   Search results page — trying first result
[08:56:56]   CID: 16423858551945650817  @9.657706,-82.746916  [high]
[08:56:56]   Waiting 19s...
[08:57:15] [25/225] Puerto Viejo
[08:57:15]   Searching Maps: Puerto Viejo
[08:57:26]   CID: 6047083801083296069  @9.6540048,-82.8373431  [low]
[08:57:26]   Waiting 19s...
[08:57:45] [26/225] Maitri Park residential community and property sales
[08:57:45]   Searching Maps: Maitri Park residential community and property sal
[08:57:55]   Search results page — trying first result
[08:58:02]   CID: 49080311362860494  @9.658603,-82.749288  [high]
[08:58:02]   Waiting 22s...
[08:58:24] [27/225] Templo Evangélico
[08:58:24]   Searching Maps: Templo Evangélico
[08:58:31]   Search results page — trying first result
[08:58:35]   CID: 2082127996166787482  @8.8915877,-82.9533119  [low]
[08:58:35]   Waiting 25s...
[08:59:00] [28/225] Bus to Sixaola
[08:59:00]   Searching Maps: Bus to Sixaola
[08:59:11]   CID: 2511252915706594987  @9.7827348,-84.6637531  [low]
[08:59:11]   Waiting 16s...
[08:59:27] [29/225] Casa Jessica
[08:59:27]   Searching Maps: Casa Jessica
[08:59:37]   CID: 12748983666222462001  @9.6666283,-82.7831803  [high]
[08:59:37]   Waiting 22s...
[08:59:59] [30/225] OM
[08:59:59]   Searching Maps: OM
[09:00:07]   CID: 10484592369234057259  @9.6535227,-82.740804  [high]
[09:00:07]   Waiting 21s...
[09:00:28] [31/225] Patiño
[09:00:28]   Searching Maps: Patiño
[09:00:36]   Search results page — trying first result
[09:00:42]   CID: 1109661010877053347  @9.6491192,-82.8237226  [low]
[09:00:42]   Waiting 22s...
[09:01:04] [32/225] Hotel Creek
[09:01:04]   Searching Maps: Hotel Creek
[09:01:16]   CID: 6258327370944831854  @9.6537184,-82.8004464  [low]
[09:01:16]   Waiting 16s...
[09:01:32] [33/225] Jaguar Rescue Center
[09:01:32]   Searching Maps: Jaguar Rescue Center
[09:01:40]   CID: 9435208628058025334  @9.6419566,-82.7235673  [high]
[09:01:40]   Waiting 16s...
[09:01:56] [34/225] Turrialbeño
[09:01:56]   Searching Maps: Turrialbeño
[09:02:03]   Search results page — trying first result
[09:02:10]   CID: 12944716115195998411  @9.9858903,-83.0924987  [low]
[09:02:10]   Waiting 21s...
[09:02:31] [35/225] Pan Dulce
[09:02:31]   Searching Maps: Pan Dulce
[09:02:43]   CID: 14611771944898281665  @9.6529327,-82.7580124  [high]
[09:02:43]   Waiting 23s...
[09:03:06] [36/225] Barrio Unido
[09:03:06]   Searching Maps: Barrio Unido
[09:03:12]   Search results page — trying first result
[09:03:16]   CID: 6047083801083296069  @9.6529399,-82.7736678  [high]
[09:03:16]   Waiting 23s...
[09:03:39] [37/225] El Coquito
[09:03:39]   Searching Maps: El Coquito
[09:03:49]   CID: 9713026762947063085  @9.65603,-82.7475874  [high]
[09:03:49]   Waiting 16s...
[09:04:05] [38/225] parada a Sixaloa
[09:04:05]   Searching Maps: parada a Sixaloa
[09:04:15]   Search results page — trying first result
[09:04:21]   CID: 12283987889434351587  @9.5023603,-82.6137275  [low]
[09:04:21]   Waiting 24s...
[09:04:45] [39/225] Carribean fitness center
[09:04:45]   Searching Maps: Carribean fitness center
[09:04:56]   CID: 13458481195367233483  @9.658713,-82.7490428  [high]
[09:04:56]   Waiting 25s...
[09:05:21] [40/225] Jaguar rescue center
[09:05:21]   Searching Maps: Jaguar rescue center
[09:05:27]   CID: 9435208628058025334  @9.6419566,-82.7235673  [high]
[09:05:27]   Waiting 23s...
[09:05:50] [41/225] CicloCocles
[09:05:50]   Searching Maps: CicloCocles
[09:05:57]   Search results page — trying first result
[09:06:04]   CID: 16276650810381022254  @9.6550969,-82.7670904  [high]
[09:06:04]   Waiting 17s...
[09:06:21] [42/225] Visual Pacific
[09:06:21]   Searching Maps: Visual Pacific
[09:06:28]   Search results page — trying first result
[09:06:35]   CID: 16304904271226236466  @9.2524311,-83.8592306  [low]
[09:06:35]   Waiting 21s...
[09:06:56] [43/225] Asociación de Guías de Turismo del Caribe Sur (AGUISUR)
[09:06:56]   Searching Maps: Asociación de Guías de Turismo del Caribe Sur (AGU
[09:07:06]   Search results page — trying first result
[09:07:10]   CID: 17588446650226285599  @9.6492497,-82.7760985  [high]
[09:07:10]   Waiting 19s...
[09:07:29] [44/225] Asociación Talamanqueña de Ecoturismo y Conservación (ATEC)
[09:07:29]   Searching Maps: Asociación Talamanqueña de Ecoturismo y Conservaci
[09:07:42]   CID: 11890875733593568965  @9.6564748,-82.7555792  [high]
[09:07:42]   Waiting 20s...
[09:08:02] [45/225] Këköldi
[09:08:02]   Searching Maps: Këköldi
[09:08:11]   Search results page — trying first result
[09:08:16]   CID: 5312971258066523619  @9.6324336,-82.780522  [high]
[09:08:16]   Waiting 21s...
[09:08:37] [46/225] Cerro Pirripli
[09:08:37]   Searching Maps: Cerro Pirripli
[09:08:47]   CID: 1528458493363446452  @9.65,-82.8833333  [low]
[09:08:47]   Waiting 25s...
[09:09:12] [47/225] Asociación de Desarrollo Integral de la Reserva Indígena Bri
[09:09:12]   Searching Maps: Asociación de Desarrollo Integral de la Reserva In
[09:09:24]   Search results page — trying first result
[09:09:28]   CID: 3523588367080615331  @9.6466918,-82.7907626  [high]
[09:09:28]   Waiting 21s...
[09:09:49] [48/225] Playa Negra
[09:09:49]   Searching Maps: Playa Negra
[09:10:01]   CID: 1386465364860297778  @9.6558077,-82.766232  [high]
[09:10:01]   Waiting 16s...
[09:10:17] [49/225] Bus to San Jose
[09:10:17]   Searching Maps: Bus to San Jose
[09:10:24]   Search results page — trying first result
[09:10:28]   CID: 1923662317578996384  @9.939149,-84.083907  [low]
[09:10:28]   Waiting 22s...
[09:10:50] [50/225] CCSS - Área de Salud Talamanca
[09:10:50]   Searching Maps: CCSS - Área de Salud Talamanca
[09:10:57]   CID: 302262399013990517  @9.6551364,-82.753972  [high]
[09:10:57]   Waiting 23s...
[09:11:20] [51/225] Cocles Bikeshop
[09:11:20]   Searching Maps: Cocles Bikeshop
[09:11:31]   Search results page — trying first result
[09:11:37]   CID: 16276650810381022254  @9.6550969,-82.7670904  [high]
[09:11:37]   Waiting 20s...
[09:11:57] [52/225] Delfina Park
[09:11:57]   Searching Maps: Delfina Park
[09:12:05]   CID: 10719942322248288795  @9.6591283,-82.7516302  [high]
[09:12:05]   Waiting 15s...
[09:12:20] [53/225] Inu
[09:12:20]   Searching Maps: Inu
[09:12:28]   Search results page — trying first result
[09:12:34]   CID: 11394236511693184384  @9.6531458,-82.7542254  [high]
[09:12:34]   Waiting 17s...
[09:12:51] [54/225] Piedra Cocles
[09:12:51]   Searching Maps: Piedra Cocles
[09:12:58]   Search results page — trying first result
[09:13:04]   CID: 9838950680602433731  @9.63743,-82.713957  [high]
[09:13:04]   Waiting 21s...
[09:13:25] [55/225] Vía 256
[09:13:25]   Searching Maps: Vía 256
[09:13:35]   CID: 9501225143000644892  @9.6440594,-82.7274367  [high]
[09:13:35]   Waiting 20s...
[09:13:55] [56/225] Avenida 71
[09:13:55]   Searching Maps: Avenida 71
[09:14:05]   CID: 7857273616989622675  @9.6568007,-82.754354  [high]
[09:14:05]   Waiting 18s...
[09:14:23] [57/225] Calle 219
[09:14:23]   Searching Maps: Calle 219
[09:14:30]   CID: 12941397373872752176  @9.6572464,-82.7517795  [high]
[09:14:30]   Waiting 19s...
[09:14:49] [58/225] Calle 217
[09:14:49]   Searching Maps: Calle 217
[09:14:58]   CID: 15786706526235956738  @9.6571815,-82.7533411  [high]
[09:14:58]   Waiting 17s...
[09:15:15] [59/225] Calle 215
[09:15:15]   Searching Maps: Calle 215
[09:15:23]   CID: 12839927964226458628  @9.6559874,-82.7534875  [high]
[09:15:23]   Waiting 18s...
[09:15:41] [60/225] Avenida 73A
[09:15:41]   Searching Maps: Avenida 73A
[09:15:51]   Search results page — trying first result
[09:15:57]   CID: 3663455340435241152  @9.6502841,-82.7392666  [high]
[09:15:57]   Waiting 20s...
[09:16:17] [61/225] Plaza Deportes Puerto Viejo
[09:16:17]   Searching Maps: Plaza Deportes Puerto Viejo
[09:16:29]   CID: 470136199389951004  @10.455004,-84.0083145  [low]
[09:16:29]   Waiting 17s...
[09:16:46] [62/225] Calle El Vivero
[09:16:46]   Searching Maps: Calle El Vivero
[09:16:57]   CID: 12535242528309567400  @9.6561242,-82.7737963  [high]
[09:16:57]   Waiting 23s...
[09:17:20] [63/225] Avenida 73
[09:17:20]   Searching Maps: Avenida 73
[09:17:28]   CID: 3217991694132513010  @9.6570219,-82.7555511  [high]
[09:17:28]   Waiting 21s...
[09:17:49] [64/225] Avenida 69
[09:17:49]   Searching Maps: Avenida 69
[09:18:01]   CID: 46991811881159414  @9.6568112,-82.7529275  [high]
[09:18:01]   Waiting 20s...
[09:18:21] [65/225] Avenida 67
[09:18:21]   Searching Maps: Avenida 67
[09:18:32]   CID: 815185119260657093  @9.655599,-82.7526886  [high]
[09:18:32]   Waiting 18s...
[09:18:50] [66/225] Calle 219A
[09:18:50]   Searching Maps: Calle 219A
[09:19:03]   CID: 9409168577840602686  @9.6559926,-82.7504922  [high]
[09:19:03]   Waiting 24s...
[09:19:27] [67/225] Calle 209
[09:19:27]   Searching Maps: Calle 209
[09:19:36]   CID: 6719173448294192873  @9.6526652,-82.7551596  [high]
[09:19:36]   Waiting 17s...
[09:19:53] [68/225] Calle Lunatica
[09:19:53]   Searching Maps: Calle Lunatica
[09:20:05]   CID: 9631600001898241967  @9.6568087,-82.7468403  [high]
[09:20:05]   Waiting 24s...
[09:20:29] [69/225] Calle 215A
[09:20:29]   Searching Maps: Calle 215A
[09:20:38]   CID: 14415664533745975487  @9.6580677,-82.7551157  [high]
[09:20:38]   Waiting 22s...
[09:21:00] [70/225] Calle Selvatica
[09:21:00]   Searching Maps: Calle Selvatica
[09:21:11]   Search results page — trying first result
[09:21:16]   CID: 6047083801083296069  @9.6529399,-82.7736678  [high]
[09:21:16]   Waiting 24s...
[09:21:40] [71/225] Calle Caracola
[09:21:40]   Searching Maps: Calle Caracola
[09:21:48]   Search results page — trying first result
[09:21:53]   CID: 5579537716284560393  @9.637562,-82.69975  [low]
[09:21:53]   Waiting 21s...
[09:22:14] [72/225] Calle Victoria
[09:22:14]   Searching Maps: Calle Victoria
[09:22:22]   CID: 8291744104454411687  @10.53403,-83.8691222  [low]
[09:22:22]   Waiting 21s...
[09:22:43] [73/225] Calle Playa Negra
[09:22:43]   Searching Maps: Calle Playa Negra
[09:22:51]   Search results page — trying first result
[09:22:57]   CID: 15428853888202838833  @9.658645,-82.7830589  [high]
[09:22:57]   Waiting 18s...
[09:23:15] [74/225] Corredor Caribe
[09:23:15]   Searching Maps: Corredor Caribe
[09:23:27]   CID: 15831923820859792135  @9.657649,-82.7998973  [low]
[09:23:27]   Waiting 20s...
[09:23:47] [75/225] Corredor Caribe
[09:23:47]   Searching Maps: Corredor Caribe
[09:23:57]   CID: 15831923820859792135  @9.657649,-82.7998973  [low]
[09:23:57]   Waiting 15s...
[09:24:12] [76/225] Calle Shawandha
[09:24:12]   Searching Maps: Calle Shawandha
[09:24:24]   CID: 9610454514349264065  @9.6349097,-82.7097428  [high]
[09:24:24]   Waiting 25s...
[09:24:49] [77/225] Calle Mar y Luz
[09:24:49]   Searching Maps: Calle Mar y Luz
[09:24:59]   CID: 16274996126483399908  @9.6353808,-82.7076876  [low]
[09:24:59]   Waiting 18s...
[09:25:17] [78/225] Avenida 71
[09:25:17]   Searching Maps: Avenida 71
[09:25:27]   CID: 7857273616989622675  @9.6568007,-82.754354  [high]
[09:25:27]   Waiting 21s...
[09:25:48] [79/225] Calle 211
[09:25:48]   Searching Maps: Calle 211
[09:25:58]   CID: 7567631709245161032  @9.6545623,-82.7550376  [high]
[09:25:58]   Waiting 20s...
[09:26:18] [80/225] Vía 256
[09:26:18]   Searching Maps: Vía 256
[09:26:27]   CID: 9501225143000644892  @9.6440594,-82.7274367  [high]
[09:26:27]   Waiting 20s...
[09:26:47] [81/225] Calle El Parque
[09:26:47]   Searching Maps: Calle El Parque
[09:26:55]   Search results page — trying first result
[09:27:02]   CID: 16258962733523527624  @10.4548789,-84.0082817  [low]
[09:27:02]   Waiting 24s...
[09:27:26] [82/225] Calle Buenavista
[09:27:26]   Searching Maps: Calle Buenavista
[09:27:33]   Search results page — trying first result
[09:27:40]   CID: 15942771352384167456  @9.637077,-82.691963  [low]
[09:27:40]   Waiting 24s...
[09:28:04] [83/225] Plaza Deportes Hone Creek
[09:28:04]   Searching Maps: Plaza Deportes Hone Creek
[09:28:11]   CID: 2453136290762320876  @9.6544243,-82.799251  [low]
[09:28:11]   Waiting 22s...
[09:28:33] [84/225] Calle Patiño
[09:28:33]   Searching Maps: Calle Patiño
[09:28:40]   CID: 2683295238136011659  @9.6463099,-82.7959809  [high]
[09:28:40]   Waiting 23s...
[09:29:03] [85/225] Calle Patiño
[09:29:03]   Searching Maps: Calle Patiño
[09:29:15]   CID: 2683295238136011659  @9.6463099,-82.7959809  [high]
[09:29:15]   Waiting 24s...
[09:29:39] [86/225] Calle Los Turrialbeños
[09:29:39]   Searching Maps: Calle Los Turrialbeños
[09:29:50]   CID: 11813222330841287538  @9.6501406,-82.7628283  [high]
[09:29:50]   Waiting 19s...
[09:30:09] [87/225] Cementerio Puerto Viejo
[09:30:09]   Searching Maps: Cementerio Puerto Viejo
[09:30:19]   Search results page — trying first result
[09:30:24]   CID: 4436126224156784979  @9.6546213,-82.7522387  [high]
[09:30:24]   Waiting 17s...
[09:30:41] [88/225] Calle Cocles
[09:30:41]   Searching Maps: Calle Cocles
[09:30:50]   CID: 8070767789269430946  @9.6450854,-82.7311129  [high]
[09:30:50]   Waiting 20s...
[09:31:10] [89/225] Plaza Deportes Cocles
[09:31:10]   Searching Maps: Plaza Deportes Cocles
[09:31:20]   Search results page — trying first result
[09:31:27]   CID: 12914833935945517911  @10.3850774,-83.9455901  [low]
[09:31:27]   Waiting 17s...
[09:31:44] [90/225] Lotus Garden
[09:31:44]   Searching Maps: Lotus Garden
[09:31:55]   CID: 5902375185337778524  @9.6588056,-82.7505214  [high]
[09:31:55]   Waiting 17s...
[09:32:12] [91/225] Church of God of Prophecy
[09:32:12]   Searching Maps: Church of God of Prophecy
[09:32:19]   CID: 5276134023423363162  @9.6555597,-82.7544197  [high]
[09:32:19]   Waiting 21s...
[09:32:40] [92/225] Mango Sunset
[09:32:40]   Searching Maps: Mango Sunset
[09:32:48]   CID: 7865786159714323155  @9.6562756,-82.7558701  [high]
[09:32:48]   Waiting 24s...
[09:33:12] [93/225] Iglesia Sagrado Corazón de Jesús
[09:33:12]   Searching Maps: Iglesia Sagrado Corazón de Jesús
[09:33:18]   Search results page — trying first result
[09:33:23]   CID: 10184766449393774109  @9.9927196,-83.0307446  [low]
[09:33:23]   Waiting 25s...
[09:33:48] [94/225] Calle 219A
[09:33:48]   Searching Maps: Calle 219A
[09:33:54]   CID: 9409168577840602686  @9.6559926,-82.7504922  [high]
[09:33:54]   Waiting 19s...
[09:34:13] [95/225] Calle 219
[09:34:13]   Searching Maps: Calle 219
[09:34:21]   CID: 12941397373872752176  @9.6572464,-82.7517795  [high]
[09:34:21]   Waiting 25s...
[09:34:46] [96/225] Avenida 67
[09:34:46]   Searching Maps: Avenida 67
[09:34:56]   CID: 815185119260657093  @9.655599,-82.7526886  [high]
[09:34:56]   Waiting 16s...
[09:35:12] [97/225] Calle Rosa
[09:35:12]   Searching Maps: Calle Rosa
[09:35:18]   CID: 4233723691687820681  @9.6567143,-82.7457497  [high]
[09:35:18]   Waiting 21s...
[09:35:39] [98/225] Calle El Parque
[09:35:39]   Searching Maps: Calle El Parque
[09:35:48]   Search results page — trying first result
[09:35:54]   CID: 16258962733523527624  @10.4548789,-84.0082817  [low]
[09:35:54]   Waiting 25s...
[09:36:19] [99/225] Calle Olingo
[09:36:19]   Searching Maps: Calle Olingo
[09:36:28]   Search results page — trying first result
[09:36:35]   CID: 15130039431868872191  @9.6485145,-82.737029  [high]
[09:36:35]   Waiting 20s...
[09:36:55] [100/225] Calle Azania
[09:36:55]   Searching Maps: Calle Azania
[09:37:04]   CID: 9150276251226460722  @9.6493077,-82.7387833  [high]
[09:37:04]   Waiting 18s...
[09:37:22] [101/225] Calle Finca Chica
[09:37:22]   Searching Maps: Calle Finca Chica
[09:37:30]   CID: 15662198641513996653  @9.6420749,-82.7333212  [high]
[09:37:30]   Waiting 22s...
[09:37:52] [102/225] Calle Berto
[09:37:52]   Searching Maps: Calle Berto
[09:38:00]   CID: 1863132486571364015  @9.6402315,-82.730464  [high]
[09:38:00]   Waiting 15s...
[09:38:15] [103/225] Calle Chilamate
[09:38:15]   Searching Maps: Calle Chilamate
[09:38:22]   Search results page — trying first result
[09:38:29]   CID: 9842399411646961220  @9.6530399,-82.7654953  [high]
[09:38:29]   Waiting 21s...
[09:38:50] [104/225] Calle Olé Caribe
[09:38:50]   Searching Maps: Calle Olé Caribe
[09:39:02]   CID: 2881717381595185076  @9.6398399,-82.7266799  [high]
[09:39:02]   Waiting 22s...
[09:39:24] [105/225] Calle Merlín
[09:39:24]   Searching Maps: Calle Merlín
[09:39:34]   CID: 12491756552748822747  @9.6379104,-82.7184463  [high]
[09:39:34]   Waiting 23s...
[09:39:57] [106/225] Corredor Caribe
[09:39:57]   Searching Maps: Corredor Caribe
[09:40:07]   CID: 15831923820859792135  @9.657649,-82.7998973  [low]
[09:40:07]   Waiting 22s...
[09:40:29] [107/225] Vía 256
[09:40:29]   Searching Maps: Vía 256
[09:40:35]   CID: 9501225143000644892  @9.6440594,-82.7274367  [high]
[09:40:35]   Waiting 24s...
[09:40:59] [108/225] Vía 256
[09:40:59]   Searching Maps: Vía 256
[09:41:11]   CID: 9501225143000644892  @9.6440594,-82.7274367  [high]
[09:41:11]   Waiting 15s...
[09:41:26] [109/225] Vía 256
[09:41:26]   Searching Maps: Vía 256
[09:41:34]   CID: 9501225143000644892  @9.6440594,-82.7274367  [high]
[09:41:34]   Waiting 16s...
[09:41:50] [110/225] Vía 256
[09:41:50]   Searching Maps: Vía 256
[09:41:59]   CID: 9501225143000644892  @9.6440594,-82.7274367  [high]
[09:41:59]   Waiting 23s...
[09:42:22] [111/225] Leon y Asociados
[09:42:22]   Searching Maps: Leon y Asociados
[09:42:32]   CID: 10893862016343107995  @9.6578165,-82.7549323  [high]
[09:42:32]   Waiting 25s...
[09:42:57] [112/225] Calle 211
[09:42:57]   Searching Maps: Calle 211
[09:43:08]   CID: 7567631709245161032  @9.6545623,-82.7550376  [high]
[09:43:08]   Waiting 25s...
[09:43:33] [113/225] Calle 213
[09:43:33]   Searching Maps: Calle 213
[09:43:42]   CID: 11931471330281276530  @9.6553069,-82.7542541  [high]
[09:43:42]   Waiting 23s...
[09:44:05] [114/225] Soda las Delicias
[09:44:05]   Searching Maps: Soda las Delicias
[09:44:17]   Search results page — trying first result
[09:44:24]   CID: 15076147200497380899  @9.3050528,-83.6538333  [low]
[09:44:24]   Waiting 16s...
[09:44:40] [115/225] Calle 219A
[09:44:40]   Searching Maps: Calle 219A
[09:44:51]   CID: 9409168577840602686  @9.6559926,-82.7504922  [high]
[09:44:51]   Waiting 21s...
[09:45:12] [116/225] Vía 256
[09:45:12]   Searching Maps: Vía 256
[09:45:24]   CID: 9501225143000644892  @9.6440594,-82.7274367  [high]
[09:45:24]   Waiting 17s...
[09:45:41] [117/225] Vía 256
[09:45:41]   Searching Maps: Vía 256
[09:45:51]   CID: 9501225143000644892  @9.6440594,-82.7274367  [high]
[09:45:51]   Waiting 21s...
[09:46:12] [118/225] Vía 256
[09:46:12]   Searching Maps: Vía 256
[09:46:21]   CID: 9501225143000644892  @9.6440594,-82.7274367  [high]
[09:46:21]   Waiting 17s...
[09:46:38] [119/225] Vía 256
[09:46:38]   Searching Maps: Vía 256
[09:46:46]   CID: 9501225143000644892  @9.6440594,-82.7274367  [high]
[09:46:46]   Waiting 16s...
[09:47:02] [120/225] Vía 256
[09:47:02]   Searching Maps: Vía 256
[09:47:10]   CID: 9501225143000644892  @9.6440594,-82.7274367  [high]
[09:47:10]   Waiting 15s...
[09:47:25] [121/225] Vía 256
[09:47:25]   Searching Maps: Vía 256
[09:47:32]   CID: 9501225143000644892  @9.6440594,-82.7274367  [high]
[09:47:32]   Waiting 22s...
[09:47:54] [122/225] Calle El Tucán
[09:47:54]   Searching Maps: Calle El Tucán
[09:48:06]   CID: 415733027435464644  @9.6379314,-82.7378855  [high]
[09:48:06]   Waiting 20s...
[09:48:26] [123/225] Calle Makua
[09:48:26]   Searching Maps: Calle Makua
[09:48:33]   CID: 127951706845517893  @9.6545095,-82.7762142  [high]
[09:48:33]   Waiting 15s...
[09:48:48] [124/225] Calle Sonora
[09:48:48]   Searching Maps: Calle Sonora
[09:48:55]   Search results page — trying first result
[09:49:02]   CID: 13462000015508270895  @9.658415,-82.7872133  [high]
[09:49:02]   Waiting 22s...
[09:49:24] [125/225] Calle Mishka
[09:49:24]   Searching Maps: Calle Mishka
[09:49:30]   CID: 13735728552511903272  @9.654644,-82.784708  [high]
[09:49:30]   Waiting 23s...
[09:49:53] [126/225] Calle Reserva Indígena
[09:49:53]   Searching Maps: Calle Reserva Indígena
[09:50:04]   CID: 11344249135689815339  @9.6498015,-82.7517489  [high]
[09:50:04]   Waiting 24s...
[09:50:28] [127/225] Calle Reserva Indígena
[09:50:28]   Searching Maps: Calle Reserva Indígena
[09:50:36]   CID: 11344249135689815339  @9.6498015,-82.7517489  [high]
[09:50:36]   Waiting 16s...
[09:50:52] [128/225] Calle Reserva Indígena
[09:50:52]   Searching Maps: Calle Reserva Indígena
[09:51:03]   CID: 11344249135689815339  @9.6498015,-82.7517489  [high]
[09:51:03]   Waiting 20s...
[09:51:23] [129/225] Calle 213
[09:51:23]   Searching Maps: Calle 213
[09:51:32]   CID: 11931471330281276530  @9.6553069,-82.7542541  [high]
[09:51:32]   Waiting 16s...
[09:51:48] [130/225] Río Hone
[09:51:48]   Searching Maps: Río Hone
[09:51:58]   CID: 2236702496610203044  @9.6741987,-82.7903294  [high]
[09:51:58]   Waiting 20s...
[09:52:18] [131/225] Camino hasta Relax Natural Village
[09:52:18]   Searching Maps: Camino hasta Relax Natural Village
[09:52:31]   CID: 1359064883656104943  @9.6431231,-82.7333322  [high]
[09:52:31]   Waiting 19s...
[09:52:50] [132/225] Rio Cocles
[09:52:50]   Searching Maps: Rio Cocles
[09:52:56]   Search results page — trying first result
[09:53:01]   CID: 9838950680602433731  @9.63743,-82.713957  [high]
[09:53:01]   Waiting 17s...
[09:53:18] [133/225] Calle Playa Chiquita
[09:53:18]   Searching Maps: Calle Playa Chiquita
[09:53:26]   CID: 8364214958693781126  @9.6394903,-82.7122424  [high]
[09:53:26]   Waiting 21s...
[09:53:47] [134/225] Playa Chiquita
[09:53:47]   Searching Maps: Playa Chiquita
[09:53:55]   Search results page — trying first result
[09:54:01]   CID: 2649044579801021580  @9.6404332,-82.7092532  [high]
[09:54:01]   Waiting 22s...
[09:54:23] [135/225] Calle La Perla del Caribe
[09:54:23]   Searching Maps: Calle La Perla del Caribe
[09:54:29]   CID: 5477765746729269238  @9.6528717,-82.7420879  [high]
[09:54:29]   Waiting 24s...
[09:54:53] [136/225] Calle Mónica
[09:54:53]   Searching Maps: Calle Mónica
[09:55:03]   CID: 3986118040392558589  @9.6367417,-82.7118162  [high]
[09:55:03]   Waiting 20s...
[09:55:23] [137/225] Calle Playa Negra
[09:55:23]   Searching Maps: Calle Playa Negra
[09:55:35]   Search results page — trying first result
[09:55:38]   CID: 15428853888202838833  @9.658645,-82.7830589  [high]
[09:55:38]   Waiting 16s...
[09:55:54] [138/225] Calle Banana
[09:55:54]   Searching Maps: Calle Banana
[09:56:03]   Search results page — trying first result
[09:56:08]   CID: 3301165288581347626  @9.6579771,-82.7734644  [high]
[09:56:08]   Waiting 23s...
[09:56:31] [139/225] Casa Las Brisas
[09:56:31]   Searching Maps: Casa Las Brisas
[09:56:43]   Search results page — trying first result
[09:56:48]   CID: 15935531792416700518  @9.6511518,-82.7823804  [high]
[09:56:48]   Waiting 22s...
[09:57:10] [140/225] Cabinas Gacu
[09:57:10]   Searching Maps: Cabinas Gacu
[09:57:20]   CID: 13777245120563694127  @9.6568089,-82.7737869  [high]
[09:57:20]   Waiting 20s...
[09:57:40] [141/225] Be my Guest Cabinas
[09:57:40]   Searching Maps: Be my Guest Cabinas
[09:57:52]   CID: 7206926578519386455  @9.656493,-82.774009  [high]
[09:57:52]   Waiting 17s...
[09:58:09] [142/225] Parque de Puerto Viejo
[09:58:09]   Searching Maps: Parque de Puerto Viejo
[09:58:17]   CID: 12811077063573701692  @10.4473845,-84.0144441  [low]
[09:58:17]   Waiting 21s...
[09:58:38] [143/225] Calle El Renuevo
[09:58:38]   Searching Maps: Calle El Renuevo
[09:58:47]   Search results page — trying first result
[09:58:54]   CID: 6047083801083296069  @9.6529399,-82.7736678  [high]
[09:58:54]   Waiting 19s...
[09:59:13] [144/225] CECUDI
[09:59:13]   Searching Maps: CECUDI
[09:59:25]   Search results page — trying first result
[09:59:32]   CID: 7946066516832618743  @10.4510048,-84.0112037  [low]
[09:59:32]   Waiting 20s...
[09:59:52] [145/225] Calle José Pizarro
[09:59:52]   Searching Maps: Calle José Pizarro
[10:00:00]   Search results page — trying first result
[10:00:07]   CID: 6047083801083296069  @9.6529399,-82.7736678  [high]
[10:00:07]   Waiting 17s...
[10:00:24] [146/225] Quebrada Hotel
[10:00:24]   Searching Maps: Quebrada Hotel
[10:00:35]   Search results page — trying first result
[10:00:42]   CID: 18423863234160294206  @8.783452,-82.433876  [low]
[10:00:42]   Waiting 21s...
[10:01:03] [147/225] Iglesia de San José
[10:01:03]   Searching Maps: Iglesia de San José
[10:01:13]   Search results page — trying first result
[10:01:18]   CID: 8430413446309763492  @10.5225421,-83.9934593  [low]
[10:01:18]   Waiting 18s...
[10:01:36] [148/225] Ministerio de Salud - Área Rectora de Salud Talamanca
[10:01:36]   Searching Maps: Ministerio de Salud - Área Rectora de Salud Talama
[10:01:47]   CID: 427308356274271612  @9.6494665,-82.8023474  [low]
[10:01:47]   Waiting 15s...
[10:02:02] [149/225] Quebrada Honta Bridge
[10:02:02]   Searching Maps: Quebrada Honta Bridge
[10:02:14]   Search results page — trying first result
[10:02:20]   CID: 2512030297831286876  @9.905214,-84.2416247  [low]
[10:02:20]   Waiting 15s...
[10:02:35] [150/225] Calle Perla Negra
[10:02:35]   Searching Maps: Calle Perla Negra
[10:02:47]   Search results page — trying first result
[10:02:51]   CID: 5579537716284560393  @9.637562,-82.69975  [low]
[10:02:51]   Waiting 21s...
[10:03:12] [151/225] Visual Pacific
[10:03:12]   Searching Maps: Visual Pacific
[10:03:19]   Search results page — trying first result
[10:03:27]   CID: 16304904271226236466  @9.2524311,-83.8592306  [low]
[10:03:27]   Waiting 20s...
[10:03:47] [152/225] Calle Pan Dulce
[10:03:47]   Searching Maps: Calle Pan Dulce
[10:03:54]   CID: 14611771944898281665  @9.6529327,-82.7580124  [high]
[10:03:54]   Waiting 22s...
[10:04:16] [153/225] Arrecife Coralino de Punta Cócles
[10:04:16]   Searching Maps: Arrecife Coralino de Punta Cócles
[10:04:25]   Search results page — trying first result
[10:04:29]   CID: 14096366169800596555  @9.6407947,-82.6901547  [low]
[10:04:29]   Waiting 16s...
[10:04:45] [154/225] Calle Villas del Caribe
[10:04:45]   Searching Maps: Calle Villas del Caribe
[10:04:57]   Search results page — trying first result
[10:05:02]   CID: 12050033515189885654  @9.6436266,-82.7225633  [high]
[10:05:02]   Waiting 15s...
[10:05:17] [155/225] Calle Cariblue
[10:05:17]   Searching Maps: Calle Cariblue
[10:05:28]   CID: 315176437963296955  @9.6505293,-82.7378998  [high]
[10:05:28]   Waiting 25s...
[10:05:53] [156/225] Calle Jaguar
[10:05:53]   Searching Maps: Calle Jaguar
[10:06:01]   Search results page — trying first result
[10:06:06]   CID: 9435208628058025334  @9.6419566,-82.7235673  [high]
[10:06:06]   Waiting 25s...
[10:06:31] [157/225] Calle 221
[10:06:31]   Searching Maps: Calle 221
[10:06:38]   CID: 13205750295740253435  @9.6566156,-82.749611  [high]
[10:06:38]   Waiting 24s...
[10:07:02] [158/225] Calle Coco
[10:07:02]   Searching Maps: Calle Coco
[10:07:08]   CID: 12761238986143019622  @9.6571363,-82.7744061  [high]
[10:07:08]   Waiting 22s...
[10:07:30] [159/225] Calle El Jardín
[10:07:30]   Searching Maps: Calle El Jardín
[10:07:41]   CID: 13287327064027368331  @9.6543794,-82.7715815  [high]
[10:07:41]   Waiting 18s...
[10:07:59] [160/225] Calle Cacao
[10:07:59]   Searching Maps: Calle Cacao
[10:08:07]   CID: 15501827129574310633  @9.6513528,-82.7788  [high]
[10:08:07]   Waiting 16s...
[10:08:23] [161/225] Avenida 71
[10:08:23]   Searching Maps: Avenida 71
[10:08:32]   CID: 7857273616989622675  @9.6568007,-82.754354  [high]
[10:08:32]   Waiting 16s...
[10:08:48] [162/225] Calle 221
[10:08:48]   Searching Maps: Calle 221
[10:08:59]   CID: 13205750295740253435  @9.6566156,-82.749611  [high]
[10:08:59]   Waiting 17s...
[10:09:16] [163/225] Avenida 67A
[10:09:16]   Searching Maps: Avenida 67A
[10:09:24]   Search results page — trying first result
[10:09:30]   CID: 18304248675565587400  @9.6587587,-82.7496624  [high]
[10:09:30]   Waiting 24s...
[10:09:54] [164/225] Calle Olé Caribe
[10:09:54]   Searching Maps: Calle Olé Caribe
[10:10:00]   CID: 2881717381595185076  @9.6398399,-82.7266799  [high]
[10:10:00]   Waiting 22s...
[10:10:22] [165/225] Calle Banana
[10:10:22]   Searching Maps: Calle Banana
[10:10:29]   Search results page — trying first result
[10:10:33]   CID: 3301165288581347626  @9.6579771,-82.7734644  [high]
[10:10:33]   Waiting 15s...
[10:10:48] [166/225] Calle Banana
[10:10:48]   Searching Maps: Calle Banana
[10:11:00]   Search results page — trying first result
[10:11:06]   CID: 3301165288581347626  @9.6579771,-82.7734644  [high]
[10:11:06]   Waiting 16s...
[10:11:22] [167/225] Calle Pitaya
[10:11:22]   Searching Maps: Calle Pitaya
[10:11:34]   CID: 1577213594063101362  @9.6573049,-82.7537733  [high]
[10:11:34]   Waiting 20s...
[10:11:54] [168/225] Plaz aDeportes Këköldi
[10:11:54]   Searching Maps: Plaz aDeportes Këköldi
[10:12:05]   CID: 3523588367080615331  @9.6466918,-82.7907626  [high]
[10:12:05]   Waiting 18s...
[10:12:23] [169/225] Calle Reserva Keköldi
[10:12:23]   Searching Maps: Calle Reserva Keköldi
[10:12:31]   Search results page — trying first result
[10:12:37]   CID: 5312971258066523619  @9.6324336,-82.780522  [high]
[10:12:37]   Waiting 25s...
[10:13:02] [170/225] Calle Mango
[10:13:02]   Searching Maps: Calle Mango
[10:13:10]   Search results page — trying first result
[10:13:17]   CID: 16082032931739160718  @9.6558889,-82.7456343  [high]
[10:13:17]   Waiting 24s...
[10:13:41] [171/225] Calle Quebrada Hotel
[10:13:41]   Searching Maps: Calle Quebrada Hotel
[10:13:48]   CID: 120276160970090320  @9.6570539,-82.7532923  [high]
[10:13:48]   Waiting 20s...
[10:14:08] [172/225] Calle Rincón
[10:14:08]   Searching Maps: Calle Rincón
[10:14:15]   Search results page — trying first result
[10:14:22]   CID: 6047083801083296069  @9.6529399,-82.7736678  [high]
[10:14:22]   Waiting 19s...
[10:14:41] [173/225] Calle Reserva Keköldi
[10:14:41]   Searching Maps: Calle Reserva Keköldi
[10:14:53]   Search results page — trying first result
[10:15:00]   CID: 5312971258066523619  @9.6324336,-82.780522  [high]
[10:15:00]   Waiting 17s...
[10:15:17] [174/225] Calle Rogelio López
[10:15:17]   Searching Maps: Calle Rogelio López
[10:15:24]   CID: 10719942322248288795  @9.6591283,-82.7516302  [high]
[10:15:24]   Waiting 24s...
[10:15:48] [175/225] Parque de Hone Creek
[10:15:48]   Searching Maps: Parque de Hone Creek
[10:15:56]   CID: 386227691444920682  @9.6744008,-82.7897273  [high]
[10:15:56]   Waiting 17s...
[10:16:13] [176/225] Calle Reserva Indígena
[10:16:13]   Searching Maps: Calle Reserva Indígena
[10:16:25]   CID: 11344249135689815339  @9.6498015,-82.7517489  [high]
[10:16:25]   Waiting 16s...
[10:16:41] [177/225] Badawi Street
[10:16:41]   Searching Maps: Badawi Street
[10:16:52]   CID: 317666818352039671  @9.6566324,-82.7480701  [high]
[10:16:52]   Waiting 19s...
[10:17:11] [178/225] Calle Pizote
[10:17:11]   Searching Maps: Calle Pizote
[10:17:17]   CID: 6656159294275735411  @9.6529606,-82.7599124  [high]
[10:17:17]   Waiting 16s...
[10:17:33] [179/225] Correos de Costa Rica - Talamanca
[10:17:33]   Searching Maps: Correos de Costa Rica - Talamanca
[10:17:41]   CID: 15619291854434631434  @9.6542477,-82.7665603  [high]
[10:17:41]   Waiting 17s...
[10:17:58] [180/225] Calle Selvatica
[10:17:58]   Searching Maps: Calle Selvatica
[10:18:06]   Search results page — trying first result
[10:18:11]   CID: 6047083801083296069  @9.6529399,-82.7736678  [high]
[10:18:11]   Waiting 18s...
[10:18:29] [181/225] 2
[10:18:29]   Searching Maps: 2
[10:18:41]   Search results page — trying first result
[10:18:47]   CID: 6996570497163979565  @9.6540918,-82.7701722  [high]
[10:18:47]   Waiting 18s...
[10:19:05] [182/225] 1
[10:19:05]   Searching Maps: 1
[10:19:12]   Search results page — trying first result
[10:19:18]   CID: 9838950680602433731  @9.63743,-82.713957  [high]
[10:19:18]   Waiting 15s...
[10:19:33] [183/225] 10
[10:19:33]   Searching Maps: 10
[10:19:39]   Search results page — trying first result
[10:19:45]   CID: 6047083801083296069  @9.6529399,-82.7736678  [high]
[10:19:45]   Waiting 21s...
[10:20:06] [184/225] 11
[10:20:06]   Searching Maps: 11
[10:20:13]   Search results page — trying first result
[10:20:17]   CID: 6047083801083296069  @9.6529399,-82.7736678  [high]
[10:20:17]   Waiting 17s...
[10:20:34] [185/225] 15
[10:20:34]   Searching Maps: 15
[10:20:42]   Search results page — trying first result
[10:20:45]   CID: 6047083801083296069  @9.6529399,-82.7736678  [high]
[10:20:45]   Waiting 15s...
[10:21:00] [186/225] 16
[10:21:00]   Searching Maps: 16
[10:21:08]   Search results page — trying first result
[10:21:14]   CID: 6047083801083296069  @9.6529399,-82.7736678  [high]
[10:21:14]   Waiting 23s...
[10:21:37] [187/225] 13
[10:21:37]   Searching Maps: 13
[10:21:43]   Search results page — trying first result
[10:21:47]   CID: 3318057307050382237  @9.6556743,-82.7480458  [high]
[10:21:47]   Waiting 25s...
[10:22:12] [188/225] 12
[10:22:12]   Searching Maps: 12
[10:22:22]   Search results page — trying first result
[10:22:27]   CID: 6047083801083296069  @9.6529399,-82.7736678  [high]
[10:22:27]   Waiting 25s...
[10:22:52] [189/225] 18
[10:22:52]   Searching Maps: 18
[10:22:59]   Search results page — trying first result
[10:23:03]   CID: 6047083801083296069  @9.6529399,-82.7736678  [high]
[10:23:03]   Waiting 22s...
[10:23:25] [190/225] 17
[10:23:25]   Searching Maps: 17
[10:23:31]   Search results page — trying first result
[10:23:36]   CID: 6047083801083296069  @9.6529399,-82.7736678  [high]
[10:23:36]   Waiting 25s...
[10:24:01] [191/225] 3
[10:24:01]   Searching Maps: 3
[10:24:10]   Search results page — trying first result
[10:24:14]   CID: 541444613405659936  @9.6571817,-82.7533417  [high]
[10:24:14]   Waiting 20s...
[10:24:34] [192/225] 4
[10:24:34]   Searching Maps: 4
[10:24:42]   Search results page — trying first result
[10:24:49]   CID: 6047083801083296069  @9.6529399,-82.7736678  [high]
[10:24:49]   Waiting 19s...
[10:25:08] [193/225] 5
[10:25:08]   Searching Maps: 5
[10:25:17]   Search results page — trying first result
[10:25:20]   CID: 6047083801083296069  @9.6529399,-82.7736678  [high]
[10:25:20]   Waiting 19s...
[10:25:39] [194/225] 9
[10:25:39]   Searching Maps: 9
[10:25:50]   Search results page — trying first result
[10:25:57]   CID: 6047083801083296069  @9.6529399,-82.7736678  [high]
[10:25:57]   Waiting 16s...
[10:26:13] [195/225] 14
[10:26:13]   Searching Maps: 14
[10:26:19]   Search results page — trying first result
[10:26:24]   CID: 6047083801083296069  @9.6529399,-82.7736678  [high]
[10:26:24]   Waiting 23s...
[10:26:47] [196/225] 6
[10:26:47]   Searching Maps: 6
[10:26:58]   Search results page — trying first result
[10:27:03]   CID: 6047083801083296069  @9.6529399,-82.7736678  [high]
[10:27:03]   Waiting 23s...
[10:27:26] [197/225] 7
[10:27:26]   Searching Maps: 7
[10:27:32]   Search results page — trying first result
[10:27:37]   CID: 13904096282139076225  @9.6569829,-82.7543266  [high]
[10:27:37]   Waiting 19s...
[10:27:56] [198/225] 8
[10:27:56]   Searching Maps: 8
[10:28:06]   Search results page — trying first result
[10:28:10]   CID: 6047083801083296069  @9.6529399,-82.7736678  [high]
[10:28:10]   Waiting 18s...
[10:28:28] [199/225] Biomercado
[10:28:28]   Searching Maps: Biomercado
[10:28:38]   CID: 2440760117286550342  @9.6588064,-82.7504973  [high]
[10:28:38]   Waiting 18s...
[10:28:56] [200/225] Calle Pamela Robinson
[10:28:56]   Searching Maps: Calle Pamela Robinson
[10:29:06]   Search results page — trying first result
[10:29:11]   CID: 7399900892611170007  @9.6508594,-82.7699452  [high]
[10:29:11]   Waiting 17s...
[10:29:28] [201/225] Calle El Tanque
[10:29:28]   Searching Maps: Calle El Tanque
[10:29:33]   Search results page — trying first result
[10:29:37]   CID: 12617501835970240553  @9.6564709,-82.7517683  [high]
[10:29:37]   Waiting 16s...
[10:29:53] [202/225] Calle Tortuga Verde
[10:29:53]   Searching Maps: Calle Tortuga Verde
[10:30:02]   Search results page — trying first result
[10:30:07]   CID: 3694994014313932737  @10.003503,-84.207677  [low]
[10:30:07]   Waiting 17s...
[10:30:24] [203/225] Calle Perla Negra
[10:30:24]   Searching Maps: Calle Perla Negra
[10:30:36]   Search results page — trying first result
[10:30:41]   CID: 5579537716284560393  @9.637562,-82.69975  [low]
[10:30:41]   Waiting 18s...
[10:30:59] [204/225] CCSS - Sucursal Talamanca
[10:30:59]   Searching Maps: CCSS - Sucursal Talamanca
[10:31:08]   Search results page — trying first result
[10:31:12]   CID: 2251047316682693014  @10.4534749,-84.0091612  [low]
[10:31:12]   Waiting 25s...
[10:31:37] [205/225] Calle Tía Seidy
[10:31:37]   Searching Maps: Calle Tía Seidy
[10:31:48]   Search results page — trying first result
[10:31:54]   CID: 1467139456314837512  @9.6454227,-82.736209  [high]
[10:31:54]   Waiting 21s...
[10:32:15] [206/225] Calle Sonora
[10:32:15]   Searching Maps: Calle Sonora
[10:32:25]   Search results page — trying first result
[10:32:29]   CID: 13462000015508270895  @9.658415,-82.7872133  [high]
[10:32:29]   Waiting 16s...
[10:32:45] [207/225] Calle Pamela Robinson
[10:32:45]   Searching Maps: Calle Pamela Robinson
[10:32:54]   Search results page — trying first result
[10:32:58]   CID: 7399900892611170007  @9.6508594,-82.7699452  [high]
[10:32:58]   Waiting 23s...
[10:33:21] [208/225] Calle Chilamate
[10:33:21]   Searching Maps: Calle Chilamate
[10:33:31]   Search results page — trying first result
[10:33:37]   CID: 9842399411646961220  @9.6530399,-82.7654953  [high]
[10:33:37]   Waiting 20s...
[10:33:57] [209/225] Calle Chilamate
[10:33:57]   Searching Maps: Calle Chilamate
[10:34:09]   Search results page — trying first result
[10:34:15]   CID: 9842399411646961220  @9.6530399,-82.7654953  [high]
[10:34:15]   Waiting 15s...
[10:34:30] [210/225] Calle Buenavista
[10:34:30]   Searching Maps: Calle Buenavista
[10:34:40]   Search results page — trying first result
[10:34:44]   CID: 15942771352384167456  @9.637077,-82.691963  [low]
[10:34:44]   Waiting 21s...
[10:35:05] [211/225] Calle Arcoiris
[10:35:05]   Searching Maps: Calle Arcoiris
[10:35:16]   Search results page — trying first result
[10:35:19]   CID: 1111954385529331281  @9.6547781,-82.7545478  [high]
[10:35:19]   Waiting 25s...
[10:35:44] [212/225] Calle Vikingo
[10:35:44]   Searching Maps: Calle Vikingo
[10:35:53]   CID: 10835016054493526642  @9.6571414,-82.7755589  [high]
[10:35:53]   Waiting 22s...
[10:36:15] [213/225] Restaurante Minerva
[10:36:15]   Searching Maps: Restaurante Minerva
[10:36:22]   CID: 8329097702085135209  @9.6588498,-82.7496909  [high]
[10:36:22]   Waiting 22s...
[10:36:44] [214/225] Casa Verde
[10:36:44]   Searching Maps: Casa Verde
[10:36:55]   Search results page — trying first result
[10:36:59]   CID: 3710912890660862546  @9.6361228,-82.7326597  [high]
[10:36:59]   Waiting 20s...
[10:37:19] [215/225] Playa Negra
[10:37:19]   Searching Maps: Playa Negra
[10:37:28]   CID: 1386465364860297778  @9.6558077,-82.766232  [high]
[10:37:28]   Waiting 17s...
[10:37:45] [216/225] Quebrada Joe Gyal Bridge
[10:37:45]   Searching Maps: Quebrada Joe Gyal Bridge
[10:37:52]   Search results page — trying first result
[10:37:58]   CID: 9360980166645048698  @10.3431823,-83.9620222  [low]
[10:37:58]   Waiting 22s...
[10:38:20] [217/225] Calle 209
[10:38:20]   Searching Maps: Calle 209
[10:38:28]   CID: 6719173448294192873  @9.6526652,-82.7551596  [high]
[10:38:28]   Waiting 22s...
[10:38:50] [218/225] Calle 209
[10:38:50]   Searching Maps: Calle 209
[10:38:57]   CID: 6719173448294192873  @9.6526652,-82.7551596  [high]
[10:38:57]   Waiting 15s...
[10:39:12] [219/225] Quebrada Joe Gyal Bridge
[10:39:12]   Searching Maps: Quebrada Joe Gyal Bridge
[10:39:23]   Search results page — trying first result
[10:39:30]   CID: 9360980166645048698  @10.3431823,-83.9620222  [low]
[10:39:30]   Waiting 22s...
[10:39:52] [220/225] Quebrada Joe Gyal Bridge
[10:39:52]   Searching Maps: Quebrada Joe Gyal Bridge
[10:39:58]   Search results page — trying first result
[10:40:01]   CID: 9360980166645048698  @10.3431823,-83.9620222  [low]
[10:40:01]   Waiting 22s...
[10:40:23] [221/225] Calle 213
[10:40:23]   Searching Maps: Calle 213
[10:40:34]   CID: 11931471330281276530  @9.6553069,-82.7542541  [high]
[10:40:34]   Waiting 15s...
[10:40:49] [222/225] Calle 213
[10:40:49]   Searching Maps: Calle 213
[10:40:59]   CID: 11931471330281276530  @9.6553069,-82.7542541  [high]
[10:40:59]   Waiting 25s...
[10:41:24] [223/225] Territorio Indígena Bribri de Kéköldi
[10:41:24]   Searching Maps: Territorio Indígena Bribri de Kéköldi
[10:41:35]   CID: 3523588367080615331  @9.6466918,-82.7907626  [high]
[10:41:35]   Waiting 24s...
[10:41:59] [224/225] Fiscalía Adjunta de Asuntos Indígenas
[10:41:59]   Searching Maps: Fiscalía Adjunta de Asuntos Indígenas
[10:42:09]   CID: 3706800523121466490  @9.6517781,-82.7985933  [low]
[10:42:09]   Waiting 24s...
[10:42:33] [225/225] El Barco con Arbol
[10:42:33]   Searching Maps: El Barco con Arbol
[10:42:45]   CID: 1217896893321733531  @9.6557335,-82.7564924  [high]
[10:42:45] 
--- Session 18 complete ---
[10:42:45] Attempted: 225
[10:42:45] Successful: 225
[10:42:45] With CID:   225
[10:42:45] Session complete. Rest 1 min before next.
[10:42:45] Remaining: 0
[10:42:45] Disconnected from Chrome. Your Chrome window stays open.
[10:42:45] All targets complete!
[10:54:00] Loaded checkpoint: 0 done, 0 sessions
[10:54:00] Targets: 5 total, 0 done, 5 remaining (session 1)
[10:54:00] This session: 5 searches
[10:54:00] Connecting to Chrome on CDP port 9222...
[10:54:01] Connected. Your browsing is unaffected — script uses its own tab.

[10:54:01] [1/5] Selina Puerto Viejo
[10:54:01]   Searching Maps: Selina Puerto Viejo
[10:54:10]   Search results page — trying first result
[10:54:14]   CID: 13867796991600133037  @9.7354202,-82.8452377  [low]
[10:54:14]   Waiting 8s...
[10:54:22] [2/5] Hotel Puerto Viejo
[10:54:22]   Searching Maps: Hotel Puerto Viejo
[10:54:33]   Search results page — trying first result
[10:54:40]   CID: 15942771352384167456  @9.637077,-82.691963  [low]
[10:54:40]   Waiting 8s...
[10:54:48] [3/5] Cariblue Beach and Jungle Resort
[10:54:48]   Searching Maps: Cariblue Beach and Jungle Resort
[10:55:00]   CID: 14658668036585456092  @9.6501905,-82.7392681  [high]
[10:55:00]   Waiting 14s...
[10:55:14] [4/5] La Pecora Nera Ristorante
[10:55:14]   Searching Maps: La Pecora Nera Ristorante
[10:55:21]   CID: 16671506007035121722  @9.6435375,-82.7294006  [high]
[10:55:21]   Waiting 10s...
[10:55:31] [5/5] Lapalapa Beach Front Hotel
[10:55:31]   Searching Maps: Lapalapa Beach Front Hotel
[10:55:39]   Search results page — trying first result
[10:55:46]   CID: 9639892766267705924  @9.74151,-82.850286  [low]
[10:55:46] 
--- Session 1 complete ---
[10:55:46] Attempted: 5
[10:55:46] Successful: 5
[10:55:46] With CID:   5
[10:55:46] Session complete. Rest 1 min before next.
[10:55:46] Remaining: 0
[10:55:46] Disconnected from Chrome. Your Chrome window stays open.
[10:55:46] All targets complete!
[10:58:08] Loaded checkpoint: 0 done, 0 sessions
[10:58:08] Targets: 30 total, 0 done, 30 remaining (session 1)
[10:58:08] This session: 10 searches
[10:58:08] Connecting to Chrome on CDP port 9222...
[10:58:08] Connected. Your browsing is unaffected — script uses its own tab.

[10:58:08] [1/10] Abba Home
[10:58:08]   Searching Maps: Abba Home
[10:58:16]   CID: 4461576710289322066  @9.661169,-82.7844491  [high]
[10:58:16]   Waiting 14s...
[10:58:30] [2/10] ALMA Masajes
[10:58:30]   Searching Maps: ALMA Masajes
[10:58:37]   CID: 1952261552637324801  @9.6515636,-82.754872  [high]
[10:58:37]   Waiting 14s...
[10:58:51] [3/10] Alojamiento kon-tiky
[10:58:51]   Searching Maps: Alojamiento kon-tiky
[10:59:01]   CID: 2436293331676785956  @9.6486768,-82.7617116  [high]
[10:59:01]   Waiting 14s...
[10:59:15] [4/10] Api-Rescate
[10:59:15]   Searching Maps: Api-Rescate
[10:59:24]   CID: 12888475778927218100  @9.63182,-82.7330943  [high]
[10:59:24]   Waiting 8s...
[10:59:32] [5/10] Ariel Apartment's
[10:59:32]   Searching Maps: Ariel Apartment's
[10:59:41]   CID: 13949908967524151461  @9.64799,-82.7410782  [high]
[10:59:41]   Waiting 9s...
[10:59:50] [6/10] Arrecife El Chino
[10:59:50]   Searching Maps: Arrecife El Chino
[10:59:59]   CID: 17999916450116929174  @9.6582325,-82.7560996  [high]
[10:59:59]   Waiting 11s...
[11:00:40] Loaded checkpoint: 0 done, 0 sessions
[11:00:40] Targets: 10 total, 0 done, 10 remaining (session 1)
[11:00:40] This session: 10 searches
[11:00:40] Connecting to Chrome on CDP port 9222...
[11:00:41] Connected. Your browsing is unaffected — script uses its own tab.

[11:00:41] [1/10] Almonds and Corals Boutique Hotel
[11:00:41]   Searching Maps: Almonds and Corals Boutique Hotel
[11:00:51]   CID: 11188266454666848277  @9.6321651,-82.6727735  [low]
[11:00:51]   Waiting 10s...
[11:01:01] [2/10] Big Tree Wildlife Refuge
[11:01:01]   Searching Maps: Big Tree Wildlife Refuge
[11:01:08]   CID: 5233367816302543964  @9.6304418,-82.6879437  [low]
[11:01:08]   Waiting 15s...
[11:01:23] [3/10] Boca Chica Bar Restaurante y Piscina
[11:01:23]   Searching Maps: Boca Chica Bar Restaurante y Piscina
[11:01:34]   Search results page — trying first result
[11:01:40]   CID: 94575443808973745  @9.6576264,-82.752566  [high]
[11:01:40]   Waiting 9s...
[11:01:49] [4/10] Bohemian Monkey
[11:01:49]   Searching Maps: Bohemian Monkey
[11:01:55]   Search results page — trying first result
[11:02:01]   CID: 341392252528028287  @9.7382011,-82.8480148  [low]
[11:02:01]   Waiting 8s...
[11:02:09] [5/10] Bungalows Ache
[11:02:09]   Searching Maps: Bungalows Ache
[11:02:19]   CID: 15520883439481237827  @9.7351324,-82.8393077  [low]
[11:02:19]   Waiting 13s...
[11:02:32] [6/10] Cabinas Algebra
[11:02:32]   Searching Maps: Cabinas Algebra
[11:02:40]   CID: 17217032978777865192  @9.7497803,-82.8604018  [low]
[11:02:40]   Waiting 11s...
[11:02:51] [7/10] Cabinas El Imperio
[11:02:51]   Searching Maps: Cabinas El Imperio
[11:02:58]   CID: 11746108272448529029  @9.5097873,-82.6209511  [low]
[11:02:58]   Waiting 10s...
[11:03:08] [8/10] Cabinas El Rinconcito
[11:03:08]   Searching Maps: Cabinas El Rinconcito
[11:03:14]   CID: 15910047007271410898  @9.5945266,-82.6067032  [low]
[11:03:14]   Waiting 8s...
[11:03:22] [9/10] Cabinas Jenny
[11:03:22]   Searching Maps: Cabinas Jenny
[11:03:31]   CID: 17682239826356444978  @9.7390003,-82.8396835  [low]
[11:03:31]   Waiting 13s...
[11:03:44] [10/10] Cabinas Palmer Makanda
[11:03:44]   Searching Maps: Cabinas Palmer Makanda
[11:03:54]   CID: 12496997589843324576  @9.7382481,-82.8401478  [low]
[11:03:54] 
--- Session 1 complete ---
[11:03:54] Attempted: 10
[11:03:54] Successful: 10
[11:03:54] With CID:   10
[11:03:54] Session complete. Rest 1 min before next.
[11:03:54] Remaining: 0
[11:03:54] Disconnected from Chrome. Your Chrome window stays open.
[11:03:54] All targets complete!
